17-04-24 19:20:36  info: ReferenceError: LoginPag is not defined
17-04-24 19:31:55  error: login.json: SyntaxError: Unexpected string in JSON at position 617
22-04-24 18:33:08  info: ReferenceError: LoginPag is not defined
22-04-24 18:34:30  error: Login is working fine
22-04-24 18:37:54  error: login.json: SyntaxError: Unexpected string in JSON at position 294
22-04-24 19:39:37  info: TypeError: reusablemethods.findMultipleElements is not a function
22-04-24 19:41:06  info: ReferenceError: logger is not defined24-04-24 18:24:44
24-04-24 20:57:03  error: Homepage.json: SyntaxError: Unexpected token } in JSON at position 316
27-04-24 16:06:45  error: Login is working fine
27-04-24 16:07:30  info: ReferenceError: findMultipleElementsInTables is not defined
27-04-24 16:14:49  info: FOREMAN
27-04-24 16:14:50  info: 16-11-2021
27-04-24 16:14:50  info: 9008388566
27-04-24 16:14:50  info: 
27-04-24 16:14:50  info: 
27-04-24 16:14:50  info: BASAVANABAGEWADI
27-04-24 16:14:50  info: 
27-04-24 16:14:50  info: MBCFBB/01/202100010
27-04-24 16:14:50  info: VIJAYAKUMAR AWATI
27-04-24 16:14:50  info: SIDDAPPA
27-04-24 16:14:50  info: 11-11-2021
27-04-24 16:14:50  info: 9916662878
27-04-24 16:14:50  info: 565747573060
27-04-24 16:14:50  info: 
27-04-24 16:14:51  info: BASAVAN BAGEWADI
27-04-24 16:14:51  info: 
27-04-24 16:14:51  info: MBCFBB/01/202100011
27-04-24 16:14:51  info: PRASHANT BASHETTI
27-04-24 16:14:51  info: SIDDALINGAPPA
27-04-24 16:14:51  info: 10-11-2021
27-04-24 16:14:51  info: 7686064444
27-04-24 16:14:51  info: 
27-04-24 16:14:51  info: 
27-04-24 16:14:51  info: BASAVANABAGEAWDI
27-04-24 16:14:51  info: 
27-04-24 16:14:51  info: MBCFBB/01/202100012
27-04-24 16:14:51  info: CHANNAPPA NAIKODI
27-04-24 16:14:51  info: MAHANTESH
27-04-24 16:14:51  info: 10-11-2021
27-04-24 16:14:51  info: 9164545356
27-04-24 16:14:51  info: 
27-04-24 16:14:51  info: 
27-04-24 16:14:51  info: BASAVAN BAGEWADI
27-04-24 16:14:51  info: 
27-04-24 16:14:51  info: MBCFBB/01/202100013
27-04-24 16:14:51  info: MAHANTESH BELLUBBI
27-04-24 16:14:51  info: GURUPADAPPA
27-04-24 16:14:51  info: 11-11-2021
27-04-24 16:14:51  info: 7259108569
27-04-24 16:14:51  info: 
27-04-24 16:14:51  info: 
27-04-24 16:14:51  info: BASAVAN BAGEWADI
27-04-24 16:14:51  info: 
27-04-24 16:14:51  info: MBCFBB/01/202100014
27-04-24 16:14:51  info: YOGESH RAJAPUT
27-04-24 16:14:51  info: SHETTEPPA
27-04-24 16:14:51  info: 11-11-2021
27-04-24 16:14:51  info: 9591616761
27-04-24 16:14:51  info: 
27-04-24 16:14:51  info: 
27-04-24 16:14:51  info: BASAVAN BAGEWADI
27-04-24 16:14:51  info: 
27-04-24 16:14:51  info: MBCFBB/01/202100015
27-04-24 16:14:51  info: MAHANTESH MALAGAR
27-04-24 16:14:51  info: VITTHAL
27-04-24 16:14:51  info: 11-11-2021
27-04-24 16:14:51  info: 9611430242
27-04-24 16:14:51  info: 514674806196
27-04-24 16:14:51  info: 
27-04-24 16:14:51  info: BASAVAN BAGEWADI
27-04-24 16:14:51  info: 
27-04-24 16:14:51  info: MBCFBB/01/202100016
27-04-24 16:14:51  info: SIDDALINGAPPA HARIWAL
27-04-24 16:14:51  info: SHANKRAPPA
27-04-24 16:14:51  info: 11-11-2021
27-04-24 16:14:51  info: 8317325693
27-04-24 16:14:51  info: 260543822678
27-04-24 16:14:51  info: 
27-04-24 16:14:51  info: BASAVAN BAGEWADI
27-04-24 16:14:51  info: 
27-04-24 16:14:51  info: MBCFBB/01/202100017
27-04-24 16:14:51  info: SANTOSH BIRADAR
27-04-24 16:14:51  info: SHASHIKANT
27-04-24 16:14:51  info: 11-11-2021
27-04-24 16:14:51  info: 8971716015
27-04-24 16:14:51  info: 
27-04-24 16:14:51  info: 
27-04-24 16:14:51  info: BASAVAN BAGEWADI
27-04-24 16:14:51  info: 
27-04-24 16:14:51  info: MBCFBB/01/202100018
27-04-24 16:14:51  info: SHIVAPPA SAJJAN
27-04-24 16:14:51  info: MADIWALAPPA
27-04-24 16:14:51  info: 11-11-2021
27-04-24 16:14:51  info: 9900918159
27-04-24 16:14:51  info: 
27-04-24 16:14:51  info: 
27-04-24 16:14:51  info: BASAVAN BAGEWDI
27-04-24 16:14:51  info: 
27-04-24 16:14:51  info: MAHATMA BASAVESHWAR CHIT FUND PVT LTD
27-04-24 16:14:51  info: MBCFBB/01/20210001
07-05-24 13:47:37  info: FOREMAN
07-05-24 13:47:38  info: 16-11-2021
07-05-24 13:47:38  info: 9008388566
07-05-24 13:47:38  info: 
07-05-24 13:47:38  info: 
07-05-24 13:47:38  info: BASAVANABAGEWADI
07-05-24 13:47:38  info: 
07-05-24 13:47:38  info: MBCFBB/01/202100010
07-05-24 13:47:38  info: VIJAYAKUMAR AWATI
07-05-24 13:47:38  info: SIDDAPPA
07-05-24 13:47:38  info: 11-11-2021
07-05-24 13:47:38  info: 9916662878
07-05-24 13:47:38  info: 565747573060
07-05-24 13:47:38  info: 
07-05-24 13:47:38  info: BASAVAN BAGEWADI
07-05-24 13:47:38  info: 
07-05-24 13:47:38  info: MBCFBB/01/202100011
07-05-24 13:47:38  info: PRASHANT BASHETTI
07-05-24 13:47:38  info: SIDDALINGAPPA
07-05-24 13:47:38  info: 10-11-2021
07-05-24 13:47:38  info: 7686064444
07-05-24 13:47:38  info: 
07-05-24 13:47:38  info: 
07-05-24 13:47:38  info: BASAVANABAGEAWDI
07-05-24 13:47:38  info: 
07-05-24 13:47:38  info: MBCFBB/01/202100012
07-05-24 13:47:38  info: CHANNAPPA NAIKODI
07-05-24 13:47:38  info: MAHANTESH
07-05-24 13:47:38  info: 10-11-2021
07-05-24 13:47:38  info: 9164545356
07-05-24 13:47:38  info: 
07-05-24 13:47:38  info: 
07-05-24 13:47:38  info: BASAVAN BAGEWADI
07-05-24 13:47:38  info: 
07-05-24 13:47:38  info: MBCFBB/01/202100013
07-05-24 13:47:38  info: MAHANTESH BELLUBBI
07-05-24 13:47:38  info: GURUPADAPPA
07-05-24 13:47:38  info: 11-11-2021
07-05-24 13:47:38  info: 7259108569
07-05-24 13:47:38  info: 
07-05-24 13:47:38  info: 
07-05-24 13:47:38  info: BASAVAN BAGEWADI
07-05-24 13:47:38  info: 
07-05-24 13:47:38  info: MBCFBB/01/202100014
07-05-24 13:47:38  info: YOGESH RAJAPUT
07-05-24 13:47:38  info: SHETTEPPA
07-05-24 13:47:38  info: 11-11-2021
07-05-24 13:47:38  info: 9591616761
07-05-24 13:47:38  info: 
07-05-24 13:47:38  info: 
07-05-24 13:47:38  info: BASAVAN BAGEWADI
07-05-24 13:47:38  info: 
07-05-24 13:47:38  info: MBCFBB/01/202100015
07-05-24 13:47:38  info: MAHANTESH MALAGAR
07-05-24 13:47:38  info: VITTHAL
07-05-24 13:47:38  info: 11-11-2021
07-05-24 13:47:38  info: 9611430242
07-05-24 13:47:38  info: 514674806196
07-05-24 13:47:38  info: 
07-05-24 13:47:38  info: BASAVAN BAGEWADI
07-05-24 13:47:38  info: 
07-05-24 13:47:38  info: MBCFBB/01/202100016
07-05-24 13:47:38  info: SIDDALINGAPPA HARIWAL
07-05-24 13:47:38  info: SHANKRAPPA
07-05-24 13:47:38  info: 11-11-2021
07-05-24 13:47:38  info: 8317325693
07-05-24 13:47:38  info: 260543822678
07-05-24 13:47:38  info: 
07-05-24 13:47:38  info: BASAVAN BAGEWADI
07-05-24 13:47:38  info: 
07-05-24 13:47:38  info: MBCFBB/01/202100017
07-05-24 13:47:38  info: SANTOSH BIRADAR
07-05-24 13:47:38  info: SHASHIKANT
07-05-24 13:47:38  info: 11-11-2021
07-05-24 13:47:38  info: 8971716015
07-05-24 13:47:38  info: 
07-05-24 13:47:38  info: 
07-05-24 13:47:38  info: BASAVAN BAGEWADI
07-05-24 13:47:38  info: 
07-05-24 13:47:38  info: MBCFBB/01/202100018
07-05-24 13:47:38  info: SHIVAPPA SAJJAN
07-05-24 13:47:38  info: MADIWALAPPA
07-05-24 13:47:38  info: 11-11-2021
07-05-24 13:47:38  info: 9900918159
07-05-24 13:47:38  info: 
07-05-24 13:47:38  info: 
07-05-24 13:47:38  info: BASAVAN BAGEWDI
07-05-24 13:47:38  info: 
07-05-24 13:47:38  info: MAHATMA BASAVESHWAR CHIT FUND PVT LTD
07-05-24 13:47:38  info: MBCFBB/01/20210001
07-05-24 13:48:53  info: FOREMAN
07-05-24 13:48:54  info: 16-11-2021
07-05-24 13:48:54  info: 9008388566
07-05-24 13:48:54  info: 
07-05-24 13:48:54  info: 
07-05-24 13:48:54  info: BASAVANABAGEWADI
07-05-24 13:48:54  info: 
07-05-24 13:48:54  info: MBCFBB/01/202100010
07-05-24 13:48:54  info: VIJAYAKUMAR AWATI
07-05-24 13:48:54  info: SIDDAPPA
07-05-24 13:48:54  info: 11-11-2021
07-05-24 13:48:54  info: 9916662878
07-05-24 13:48:54  info: 565747573060
07-05-24 13:48:54  info: 
07-05-24 13:48:54  info: BASAVAN BAGEWADI
07-05-24 13:48:54  info: 
07-05-24 13:48:54  info: MBCFBB/01/202100011
07-05-24 13:48:54  info: PRASHANT BASHETTI
07-05-24 13:48:54  info: SIDDALINGAPPA
07-05-24 13:48:54  info: 10-11-2021
07-05-24 13:48:54  info: 7686064444
07-05-24 13:48:54  info: 
07-05-24 13:48:54  info: 
07-05-24 13:48:54  info: BASAVANABAGEAWDI
07-05-24 13:48:54  info: 
07-05-24 13:48:54  info: MBCFBB/01/202100012
07-05-24 13:48:54  info: CHANNAPPA NAIKODI
07-05-24 13:48:54  info: MAHANTESH
07-05-24 13:48:54  info: 10-11-2021
07-05-24 13:48:54  info: 9164545356
07-05-24 13:48:54  info: 
07-05-24 13:48:54  info: 
07-05-24 13:48:54  info: BASAVAN BAGEWADI
07-05-24 13:48:54  info: 
07-05-24 13:48:54  info: MBCFBB/01/202100013
07-05-24 13:48:54  info: MAHANTESH BELLUBBI
07-05-24 13:48:54  info: GURUPADAPPA
07-05-24 13:48:54  info: 11-11-2021
07-05-24 13:48:54  info: 7259108569
07-05-24 13:48:54  info: 
07-05-24 13:48:54  info: 
07-05-24 13:48:54  info: BASAVAN BAGEWADI
07-05-24 13:48:54  info: 
07-05-24 13:48:54  info: MBCFBB/01/202100014
07-05-24 13:48:54  info: YOGESH RAJAPUT
07-05-24 13:48:54  info: SHETTEPPA
07-05-24 13:48:54  info: 11-11-2021
07-05-24 13:48:54  info: 9591616761
07-05-24 13:48:54  info: 
07-05-24 13:48:54  info: 
07-05-24 13:48:54  info: BASAVAN BAGEWADI
07-05-24 13:48:54  info: 
07-05-24 13:48:54  info: MBCFBB/01/202100015
07-05-24 13:48:54  info: MAHANTESH MALAGAR
07-05-24 13:48:54  info: VITTHAL
07-05-24 13:48:54  info: 11-11-2021
07-05-24 13:48:54  info: 9611430242
07-05-24 13:48:54  info: 514674806196
07-05-24 13:48:54  info: 
07-05-24 13:48:54  info: BASAVAN BAGEWADI
07-05-24 13:48:54  info: 
07-05-24 13:48:54  info: MBCFBB/01/202100016
07-05-24 13:48:54  info: SIDDALINGAPPA HARIWAL
07-05-24 13:48:54  info: SHANKRAPPA
07-05-24 13:48:54  info: 11-11-2021
07-05-24 13:48:54  info: 8317325693
07-05-24 13:48:54  info: 260543822678
07-05-24 13:48:54  info: 
07-05-24 13:48:54  info: BASAVAN BAGEWADI
07-05-24 13:48:54  info: 
07-05-24 13:48:54  info: MBCFBB/01/202100017
07-05-24 13:48:54  info: SANTOSH BIRADAR
07-05-24 13:48:54  info: SHASHIKANT
07-05-24 13:48:54  info: 11-11-2021
07-05-24 13:48:54  info: 8971716015
07-05-24 13:48:54  info: 
07-05-24 13:48:54  info: 
07-05-24 13:48:54  info: BASAVAN BAGEWADI
07-05-24 13:48:54  info: 
07-05-24 13:48:54  info: MBCFBB/01/202100018
07-05-24 13:48:54  info: SHIVAPPA SAJJAN
07-05-24 13:48:54  info: MADIWALAPPA
07-05-24 13:48:54  info: 11-11-2021
07-05-24 13:48:54  info: 9900918159
07-05-24 13:48:54  info: 
07-05-24 13:48:54  info: 
07-05-24 13:48:54  info: BASAVAN BAGEWDI
07-05-24 13:48:54  info: 
07-05-24 13:48:54  info: MAHATMA BASAVESHWAR CHIT FUND PVT LTD
07-05-24 13:48:54  info: MBCFBB/01/20210001
07-05-24 14:01:15  info: FOREMAN
07-05-24 14:01:16  info: 16-11-2021
07-05-24 14:01:16  info: 9008388566
07-05-24 14:01:16  info: 
07-05-24 14:01:16  info: 
07-05-24 14:01:16  info: BASAVANABAGEWADI
07-05-24 14:01:16  info: 
07-05-24 14:01:16  info: MBCFBB/01/202100010
07-05-24 14:01:16  info: VIJAYAKUMAR AWATI
07-05-24 14:01:16  info: SIDDAPPA
07-05-24 14:01:16  info: 11-11-2021
07-05-24 14:01:16  info: 9916662878
07-05-24 14:01:16  info: 565747573060
07-05-24 14:01:16  info: 
07-05-24 14:01:16  info: BASAVAN BAGEWADI
07-05-24 14:01:16  info: 
07-05-24 14:01:16  info: MBCFBB/01/202100011
07-05-24 14:01:16  info: PRASHANT BASHETTI
07-05-24 14:01:16  info: SIDDALINGAPPA
07-05-24 14:01:16  info: 10-11-2021
07-05-24 14:01:16  info: 7686064444
07-05-24 14:01:16  info: 
07-05-24 14:01:16  info: 
07-05-24 14:01:16  info: BASAVANABAGEAWDI
07-05-24 14:01:16  info: 
07-05-24 14:01:16  info: MBCFBB/01/202100012
07-05-24 14:01:16  info: CHANNAPPA NAIKODI
07-05-24 14:01:16  info: MAHANTESH
07-05-24 14:01:16  info: 10-11-2021
07-05-24 14:01:16  info: 9164545356
07-05-24 14:01:16  info: 
07-05-24 14:01:16  info: 
07-05-24 14:01:16  info: BASAVAN BAGEWADI
07-05-24 14:01:16  info: 
07-05-24 14:01:16  info: MBCFBB/01/202100013
07-05-24 14:01:16  info: MAHANTESH BELLUBBI
07-05-24 14:01:16  info: GURUPADAPPA
07-05-24 14:01:16  info: 11-11-2021
07-05-24 14:01:16  info: 7259108569
07-05-24 14:01:16  info: 
07-05-24 14:01:16  info: 
07-05-24 14:01:16  info: BASAVAN BAGEWADI
07-05-24 14:01:16  info: 
07-05-24 14:01:16  info: MBCFBB/01/202100014
07-05-24 14:01:16  info: YOGESH RAJAPUT
07-05-24 14:01:16  info: SHETTEPPA
07-05-24 14:01:16  info: 11-11-2021
07-05-24 14:01:16  info: 9591616761
07-05-24 14:01:16  info: 
07-05-24 14:01:16  info: 
07-05-24 14:01:16  info: BASAVAN BAGEWADI
07-05-24 14:01:16  info: 
07-05-24 14:01:16  info: MBCFBB/01/202100015
07-05-24 14:01:16  info: MAHANTESH MALAGAR
07-05-24 14:01:16  info: VITTHAL
07-05-24 14:01:16  info: 11-11-2021
07-05-24 14:01:16  info: 9611430242
07-05-24 14:01:16  info: 514674806196
07-05-24 14:01:16  info: 
07-05-24 14:01:16  info: BASAVAN BAGEWADI
07-05-24 14:01:16  info: 
07-05-24 14:01:16  info: MBCFBB/01/202100016
07-05-24 14:01:16  info: SIDDALINGAPPA HARIWAL
07-05-24 14:01:16  info: SHANKRAPPA
07-05-24 14:01:16  info: 11-11-2021
07-05-24 14:01:16  info: 8317325693
07-05-24 14:01:16  info: 260543822678
07-05-24 14:01:16  info: 
07-05-24 14:01:16  info: BASAVAN BAGEWADI
07-05-24 14:01:16  info: 
07-05-24 14:01:16  info: MBCFBB/01/202100017
07-05-24 14:01:16  info: SANTOSH BIRADAR
07-05-24 14:01:16  info: SHASHIKANT
07-05-24 14:01:16  info: 11-11-2021
07-05-24 14:01:16  info: 8971716015
07-05-24 14:01:16  info: 
07-05-24 14:01:16  info: 
07-05-24 14:01:16  info: BASAVAN BAGEWADI
07-05-24 14:01:16  info: 
07-05-24 14:01:16  info: MBCFBB/01/202100018
07-05-24 14:01:16  info: SHIVAPPA SAJJAN
07-05-24 14:01:16  info: MADIWALAPPA
07-05-24 14:01:16  info: 11-11-2021
07-05-24 14:01:16  info: 9900918159
07-05-24 14:01:16  info: 
07-05-24 14:01:16  info: 
07-05-24 14:01:16  info: BASAVAN BAGEWDI
07-05-24 14:01:16  info: 
07-05-24 14:01:16  info: MAHATMA BASAVESHWAR CHIT FUND PVT LTD
07-05-24 14:01:16  info: MBCFBB/01/20210001
07-05-24 14:16:07  info: FOREMAN
07-05-24 14:16:08  info: 16-11-2021
07-05-24 14:16:08  info: 9008388566
07-05-24 14:16:08  info: 
07-05-24 14:16:08  info: 
07-05-24 14:16:08  info: BASAVANABAGEWADI
07-05-24 14:16:08  info: 
07-05-24 14:16:08  info: MBCFBB/01/202100010
07-05-24 14:16:08  info: VIJAYAKUMAR AWATI
07-05-24 14:16:08  info: SIDDAPPA
07-05-24 14:16:08  info: 11-11-2021
07-05-24 14:16:08  info: 9916662878
07-05-24 14:16:08  info: 565747573060
07-05-24 14:16:08  info: 
07-05-24 14:16:08  info: BASAVAN BAGEWADI
07-05-24 14:16:08  info: 
07-05-24 14:16:08  info: MBCFBB/01/202100011
07-05-24 14:16:08  info: PRASHANT BASHETTI
07-05-24 14:16:08  info: SIDDALINGAPPA
07-05-24 14:16:08  info: 10-11-2021
07-05-24 14:16:08  info: 7686064444
07-05-24 14:16:08  info: 
07-05-24 14:16:08  info: 
07-05-24 14:16:08  info: BASAVANABAGEAWDI
07-05-24 14:16:08  info: 
07-05-24 14:16:08  info: MBCFBB/01/202100012
07-05-24 14:16:08  info: CHANNAPPA NAIKODI
07-05-24 14:16:08  info: MAHANTESH
07-05-24 14:16:08  info: 10-11-2021
07-05-24 14:16:08  info: 9164545356
07-05-24 14:16:08  info: 
07-05-24 14:16:08  info: 
07-05-24 14:16:08  info: BASAVAN BAGEWADI
07-05-24 14:16:08  info: 
07-05-24 14:16:08  info: MBCFBB/01/202100013
07-05-24 14:16:08  info: MAHANTESH BELLUBBI
07-05-24 14:16:08  info: GURUPADAPPA
07-05-24 14:16:08  info: 11-11-2021
07-05-24 14:16:08  info: 7259108569
07-05-24 14:16:08  info: 
07-05-24 14:16:08  info: 
07-05-24 14:16:08  info: BASAVAN BAGEWADI
07-05-24 14:16:08  info: 
07-05-24 14:16:08  info: MBCFBB/01/202100014
07-05-24 14:16:08  info: YOGESH RAJAPUT
07-05-24 14:16:08  info: SHETTEPPA
07-05-24 14:16:08  info: 11-11-2021
07-05-24 14:16:08  info: 9591616761
07-05-24 14:16:08  info: 
07-05-24 14:16:08  info: 
07-05-24 14:16:08  info: BASAVAN BAGEWADI
07-05-24 14:16:08  info: 
07-05-24 14:16:08  info: MBCFBB/01/202100015
07-05-24 14:16:08  info: MAHANTESH MALAGAR
07-05-24 14:16:08  info: VITTHAL
07-05-24 14:16:08  info: 11-11-2021
07-05-24 14:16:08  info: 9611430242
07-05-24 14:16:08  info: 514674806196
07-05-24 14:16:08  info: 
07-05-24 14:16:08  info: BASAVAN BAGEWADI
07-05-24 14:16:08  info: 
07-05-24 14:16:08  info: MBCFBB/01/202100016
07-05-24 14:16:08  info: SIDDALINGAPPA HARIWAL
07-05-24 14:16:08  info: SHANKRAPPA
07-05-24 14:16:08  info: 11-11-2021
07-05-24 14:16:08  info: 8317325693
07-05-24 14:16:08  info: 260543822678
07-05-24 14:16:08  info: 
07-05-24 14:16:08  info: BASAVAN BAGEWADI
07-05-24 14:16:08  info: 
07-05-24 14:16:08  info: MBCFBB/01/202100017
07-05-24 14:16:08  info: SANTOSH BIRADAR
07-05-24 14:16:08  info: SHASHIKANT
07-05-24 14:16:08  info: 11-11-2021
07-05-24 14:16:08  info: 8971716015
07-05-24 14:16:08  info: 
07-05-24 14:16:08  info: 
07-05-24 14:16:08  info: BASAVAN BAGEWADI
07-05-24 14:16:08  info: 
07-05-24 14:16:08  info: MBCFBB/01/202100018
07-05-24 14:16:08  info: SHIVAPPA SAJJAN
07-05-24 14:16:08  info: MADIWALAPPA
07-05-24 14:16:08  info: 11-11-2021
07-05-24 14:16:08  info: 9900918159
07-05-24 14:16:08  info: 
07-05-24 14:16:08  info: 
07-05-24 14:16:08  info: BASAVAN BAGEWDI
07-05-24 14:16:08  info: 
07-05-24 14:16:08  info: MAHATMA BASAVESHWAR CHIT FUND PVT LTD
07-05-24 14:16:08  info: MBCFBB/01/20210001
07-05-24 14:38:03  info: FOREMAN
07-05-24 14:38:04  info: 16-11-2021
07-05-24 14:38:04  info: 9008388566
07-05-24 14:38:04  info: 
07-05-24 14:38:04  info: 
07-05-24 14:38:04  info: BASAVANABAGEWADI
07-05-24 14:38:04  info: 
07-05-24 14:38:04  info: MBCFBB/01/202100010
07-05-24 14:38:04  info: VIJAYAKUMAR AWATI
07-05-24 14:38:04  info: SIDDAPPA
07-05-24 14:38:04  info: 11-11-2021
07-05-24 14:38:04  info: 9916662878
07-05-24 14:38:04  info: 565747573060
07-05-24 14:38:04  info: 
07-05-24 14:38:04  info: BASAVAN BAGEWADI
07-05-24 14:38:04  info: 
07-05-24 14:38:04  info: MBCFBB/01/202100011
07-05-24 14:38:04  info: PRASHANT BASHETTI
07-05-24 14:38:04  info: SIDDALINGAPPA
07-05-24 14:38:04  info: 10-11-2021
07-05-24 14:38:04  info: 7686064444
07-05-24 14:38:04  info: 
07-05-24 14:38:04  info: 
07-05-24 14:38:04  info: BASAVANABAGEAWDI
07-05-24 14:38:04  info: 
07-05-24 14:38:04  info: MBCFBB/01/202100012
07-05-24 14:38:04  info: CHANNAPPA NAIKODI
07-05-24 14:38:04  info: MAHANTESH
07-05-24 14:38:04  info: 10-11-2021
07-05-24 14:38:04  info: 9164545356
07-05-24 14:38:04  info: 
07-05-24 14:38:04  info: 
07-05-24 14:38:04  info: BASAVAN BAGEWADI
07-05-24 14:38:04  info: 
07-05-24 14:38:04  info: MBCFBB/01/202100013
07-05-24 14:38:04  info: MAHANTESH BELLUBBI
07-05-24 14:38:04  info: GURUPADAPPA
07-05-24 14:38:04  info: 11-11-2021
07-05-24 14:38:04  info: 7259108569
07-05-24 14:38:04  info: 
07-05-24 14:38:04  info: 
07-05-24 14:38:04  info: BASAVAN BAGEWADI
07-05-24 14:38:04  info: 
07-05-24 14:38:04  info: MBCFBB/01/202100014
07-05-24 14:38:04  info: YOGESH RAJAPUT
07-05-24 14:38:04  info: SHETTEPPA
07-05-24 14:38:04  info: 11-11-2021
07-05-24 14:38:04  info: 9591616761
07-05-24 14:38:04  info: 
07-05-24 14:38:04  info: 
07-05-24 14:38:04  info: BASAVAN BAGEWADI
07-05-24 14:38:04  info: 
07-05-24 14:38:04  info: MBCFBB/01/202100015
07-05-24 14:38:04  info: MAHANTESH MALAGAR
07-05-24 14:38:04  info: VITTHAL
07-05-24 14:38:04  info: 11-11-2021
07-05-24 14:38:04  info: 9611430242
07-05-24 14:38:04  info: 514674806196
07-05-24 14:38:04  info: 
07-05-24 14:38:04  info: BASAVAN BAGEWADI
07-05-24 14:38:04  info: 
07-05-24 14:38:04  info: MBCFBB/01/202100016
07-05-24 14:38:04  info: SIDDALINGAPPA HARIWAL
07-05-24 14:38:04  info: SHANKRAPPA
07-05-24 14:38:04  info: 11-11-2021
07-05-24 14:38:04  info: 8317325693
07-05-24 14:38:04  info: 260543822678
07-05-24 14:38:04  info: 
07-05-24 14:38:04  info: BASAVAN BAGEWADI
07-05-24 14:38:04  info: 
07-05-24 14:38:04  info: MBCFBB/01/202100017
07-05-24 14:38:04  info: SANTOSH BIRADAR
07-05-24 14:38:04  info: SHASHIKANT
07-05-24 14:38:04  info: 11-11-2021
07-05-24 14:38:04  info: 8971716015
07-05-24 14:38:04  info: 
07-05-24 14:38:04  info: 
07-05-24 14:38:04  info: BASAVAN BAGEWADI
07-05-24 14:38:04  info: 
07-05-24 14:38:04  info: MBCFBB/01/202100018
07-05-24 14:38:04  info: SHIVAPPA SAJJAN
07-05-24 14:38:04  info: MADIWALAPPA
07-05-24 14:38:04  info: 11-11-2021
07-05-24 14:38:04  info: 9900918159
07-05-24 14:38:04  info: 
07-05-24 14:38:04  info: 
07-05-24 14:38:04  info: BASAVAN BAGEWDI
07-05-24 14:38:04  info: 
07-05-24 14:38:04  info: MAHATMA BASAVESHWAR CHIT FUND PVT LTD
07-05-24 14:38:04  info: MBCFBB/01/20210001
07-05-24 14:40:32  info: FOREMAN
07-05-24 14:40:33  info: 16-11-2021
07-05-24 14:40:33  info: 9008388566
07-05-24 14:40:33  info: 
07-05-24 14:40:33  info: 
07-05-24 14:40:33  info: BASAVANABAGEWADI
07-05-24 14:40:33  info: 
07-05-24 14:40:33  info: MBCFBB/01/202100010
07-05-24 14:40:33  info: VIJAYAKUMAR AWATI
07-05-24 14:40:33  info: SIDDAPPA
07-05-24 14:40:33  info: 11-11-2021
07-05-24 14:40:33  info: 9916662878
07-05-24 14:40:33  info: 565747573060
07-05-24 14:40:33  info: 
07-05-24 14:40:33  info: BASAVAN BAGEWADI
07-05-24 14:40:33  info: 
07-05-24 14:40:33  info: MBCFBB/01/202100011
07-05-24 14:40:33  info: PRASHANT BASHETTI
07-05-24 14:40:33  info: SIDDALINGAPPA
07-05-24 14:40:33  info: 10-11-2021
07-05-24 14:40:33  info: 7686064444
07-05-24 14:40:33  info: 
07-05-24 14:40:33  info: 
07-05-24 14:40:33  info: BASAVANABAGEAWDI
07-05-24 14:40:33  info: 
07-05-24 14:40:33  info: MBCFBB/01/202100012
07-05-24 14:40:33  info: CHANNAPPA NAIKODI
07-05-24 14:40:33  info: MAHANTESH
07-05-24 14:40:33  info: 10-11-2021
07-05-24 14:40:33  info: 9164545356
07-05-24 14:40:33  info: 
07-05-24 14:40:33  info: 
07-05-24 14:40:33  info: BASAVAN BAGEWADI
07-05-24 14:40:33  info: 
07-05-24 14:40:33  info: MBCFBB/01/202100013
07-05-24 14:40:33  info: MAHANTESH BELLUBBI
07-05-24 14:40:33  info: GURUPADAPPA
07-05-24 14:40:33  info: 11-11-2021
07-05-24 14:40:33  info: 7259108569
07-05-24 14:40:33  info: 
07-05-24 14:40:33  info: 
07-05-24 14:40:33  info: BASAVAN BAGEWADI
07-05-24 14:40:33  info: 
07-05-24 14:40:33  info: MBCFBB/01/202100014
07-05-24 14:40:33  info: YOGESH RAJAPUT
07-05-24 14:40:33  info: SHETTEPPA
07-05-24 14:40:33  info: 11-11-2021
07-05-24 14:40:33  info: 9591616761
07-05-24 14:40:33  info: 
07-05-24 14:40:33  info: 
07-05-24 14:40:33  info: BASAVAN BAGEWADI
07-05-24 14:40:33  info: 
07-05-24 14:40:33  info: MBCFBB/01/202100015
07-05-24 14:40:33  info: MAHANTESH MALAGAR
07-05-24 14:40:33  info: VITTHAL
07-05-24 14:40:33  info: 11-11-2021
07-05-24 14:40:33  info: 9611430242
07-05-24 14:40:33  info: 514674806196
07-05-24 14:40:33  info: 
07-05-24 14:40:33  info: BASAVAN BAGEWADI
07-05-24 14:40:33  info: 
07-05-24 14:40:33  info: MBCFBB/01/202100016
07-05-24 14:40:33  info: SIDDALINGAPPA HARIWAL
07-05-24 14:40:33  info: SHANKRAPPA
07-05-24 14:40:33  info: 11-11-2021
07-05-24 14:40:33  info: 8317325693
07-05-24 14:40:33  info: 260543822678
07-05-24 14:40:33  info: 
07-05-24 14:40:33  info: BASAVAN BAGEWADI
07-05-24 14:40:33  info: 
07-05-24 14:40:33  info: MBCFBB/01/202100017
07-05-24 14:40:33  info: SANTOSH BIRADAR
07-05-24 14:40:33  info: SHASHIKANT
07-05-24 14:40:33  info: 11-11-2021
07-05-24 14:40:33  info: 8971716015
07-05-24 14:40:33  info: 
07-05-24 14:40:33  info: 
07-05-24 14:40:33  info: BASAVAN BAGEWADI
07-05-24 14:40:33  info: 
07-05-24 14:40:33  info: MBCFBB/01/202100018
07-05-24 14:40:33  info: SHIVAPPA SAJJAN
07-05-24 14:40:33  info: MADIWALAPPA
07-05-24 14:40:33  info: 11-11-2021
07-05-24 14:40:33  info: 9900918159
07-05-24 14:40:33  info: 
07-05-24 14:40:33  info: 
07-05-24 14:40:33  info: BASAVAN BAGEWDI
07-05-24 14:40:33  info: 
07-05-24 14:40:33  info: MAHATMA BASAVESHWAR CHIT FUND PVT LTD
07-05-24 14:40:33  info: MBCFBB/01/20210001
07-05-24 14:46:13  error: Login is working fine
07-05-24 14:47:04  info: FOREMAN
07-05-24 14:47:04  info: 16-11-2021
07-05-24 14:47:04  info: 9008388566
07-05-24 14:47:04  info: 
07-05-24 14:47:04  info: 
07-05-24 14:47:04  info: BASAVANABAGEWADI
07-05-24 14:47:04  info: 
07-05-24 14:47:04  info: MBCFBB/01/202100010
07-05-24 14:47:04  info: VIJAYAKUMAR AWATI
07-05-24 14:47:04  info: SIDDAPPA
07-05-24 14:47:04  info: 11-11-2021
07-05-24 14:47:04  info: 9916662878
07-05-24 14:47:04  info: 565747573060
07-05-24 14:47:04  info: 
07-05-24 14:47:04  info: BASAVAN BAGEWADI
07-05-24 14:47:04  info: 
07-05-24 14:47:04  info: MBCFBB/01/202100011
07-05-24 14:47:04  info: PRASHANT BASHETTI
07-05-24 14:47:04  info: SIDDALINGAPPA
07-05-24 14:47:04  info: 10-11-2021
07-05-24 14:47:04  info: 7686064444
07-05-24 14:47:04  info: 
07-05-24 14:47:04  info: 
07-05-24 14:47:04  info: BASAVANABAGEAWDI
07-05-24 14:47:04  info: 
07-05-24 14:47:04  info: MBCFBB/01/202100012
07-05-24 14:47:04  info: CHANNAPPA NAIKODI
07-05-24 14:47:04  info: MAHANTESH
07-05-24 14:47:04  info: 10-11-2021
07-05-24 14:47:04  info: 9164545356
07-05-24 14:47:04  info: 
07-05-24 14:47:04  info: 
07-05-24 14:47:04  info: BASAVAN BAGEWADI
07-05-24 14:47:04  info: 
07-05-24 14:47:04  info: MBCFBB/01/202100013
07-05-24 14:47:04  info: MAHANTESH BELLUBBI
07-05-24 14:47:04  info: GURUPADAPPA
07-05-24 14:47:04  info: 11-11-2021
07-05-24 14:47:04  info: 7259108569
07-05-24 14:47:04  info: 
07-05-24 14:47:04  info: 
07-05-24 14:47:04  info: BASAVAN BAGEWADI
07-05-24 14:47:04  info: 
07-05-24 14:47:05  info: MBCFBB/01/202100014
07-05-24 14:47:05  info: YOGESH RAJAPUT
07-05-24 14:47:05  info: SHETTEPPA
07-05-24 14:47:05  info: 11-11-2021
07-05-24 14:47:05  info: 9591616761
07-05-24 14:47:05  info: 
07-05-24 14:47:05  info: 
07-05-24 14:47:05  info: BASAVAN BAGEWADI
07-05-24 14:47:05  info: 
07-05-24 14:47:05  info: MBCFBB/01/202100015
07-05-24 14:47:05  info: MAHANTESH MALAGAR
07-05-24 14:47:05  info: VITTHAL
07-05-24 14:47:05  info: 11-11-2021
07-05-24 14:47:05  info: 9611430242
07-05-24 14:47:05  info: 514674806196
07-05-24 14:47:05  info: 
07-05-24 14:47:05  info: BASAVAN BAGEWADI
07-05-24 14:47:05  info: 
07-05-24 14:47:05  info: MBCFBB/01/202100016
07-05-24 14:47:05  info: SIDDALINGAPPA HARIWAL
07-05-24 14:47:05  info: SHANKRAPPA
07-05-24 14:47:05  info: 11-11-2021
07-05-24 14:47:05  info: 8317325693
07-05-24 14:47:05  info: 260543822678
07-05-24 14:47:05  info: 
07-05-24 14:47:05  info: BASAVAN BAGEWADI
07-05-24 14:47:05  info: 
07-05-24 14:47:05  info: MBCFBB/01/202100017
07-05-24 14:47:05  info: SANTOSH BIRADAR
07-05-24 14:47:05  info: SHASHIKANT
07-05-24 14:47:05  info: 11-11-2021
07-05-24 14:47:05  info: 8971716015
07-05-24 14:47:05  info: 
07-05-24 14:47:05  info: 
07-05-24 14:47:05  info: BASAVAN BAGEWADI
07-05-24 14:47:05  info: 
07-05-24 14:47:05  info: MBCFBB/01/202100018
07-05-24 14:47:05  info: SHIVAPPA SAJJAN
07-05-24 14:47:05  info: MADIWALAPPA
07-05-24 14:47:05  info: 11-11-2021
07-05-24 14:47:05  info: 9900918159
07-05-24 14:47:05  info: 
07-05-24 14:47:05  info: 
07-05-24 14:47:05  info: BASAVAN BAGEWDI
07-05-24 14:47:05  info: 
07-05-24 14:47:05  info: MAHATMA BASAVESHWAR CHIT FUND PVT LTD
07-05-24 14:47:05  info: MBCFBB/01/20210001
07-05-24 15:23:35  error: Login is working fine
07-05-24 15:24:25  info: FOREMAN
07-05-24 15:24:25  info: 16-11-2021
07-05-24 15:24:25  info: 9008388566
07-05-24 15:24:25  info: 
07-05-24 15:24:25  info: 
07-05-24 15:24:25  info: BASAVANABAGEWADI
07-05-24 15:24:25  info: 
07-05-24 15:24:25  info: MBCFBB/01/202100010
07-05-24 15:24:25  info: VIJAYAKUMAR AWATI
07-05-24 15:24:25  info: SIDDAPPA
07-05-24 15:24:25  info: 11-11-2021
07-05-24 15:24:25  info: 9916662878
07-05-24 15:24:25  info: 565747573060
07-05-24 15:24:25  info: 
07-05-24 15:24:25  info: BASAVAN BAGEWADI
07-05-24 15:24:25  info: 
07-05-24 15:24:25  info: MBCFBB/01/202100011
07-05-24 15:24:25  info: PRASHANT BASHETTI
07-05-24 15:24:25  info: SIDDALINGAPPA
07-05-24 15:24:25  info: 10-11-2021
07-05-24 15:24:25  info: 7686064444
07-05-24 15:24:25  info: 
07-05-24 15:24:25  info: 
07-05-24 15:24:25  info: BASAVANABAGEAWDI
07-05-24 15:24:25  info: 
07-05-24 15:24:25  info: MBCFBB/01/202100012
07-05-24 15:24:25  info: CHANNAPPA NAIKODI
07-05-24 15:24:25  info: MAHANTESH
07-05-24 15:24:25  info: 10-11-2021
07-05-24 15:24:25  info: 9164545356
07-05-24 15:24:25  info: 
07-05-24 15:24:25  info: 
07-05-24 15:24:26  info: BASAVAN BAGEWADI
07-05-24 15:24:26  info: 
07-05-24 15:24:26  info: MBCFBB/01/202100013
07-05-24 15:24:26  info: MAHANTESH BELLUBBI
07-05-24 15:24:26  info: GURUPADAPPA
07-05-24 15:24:26  info: 11-11-2021
07-05-24 15:24:26  info: 7259108569
07-05-24 15:24:26  info: 
07-05-24 15:24:26  info: 
07-05-24 15:24:26  info: BASAVAN BAGEWADI
07-05-24 15:24:26  info: 
07-05-24 15:24:26  info: MBCFBB/01/202100014
07-05-24 15:24:26  info: YOGESH RAJAPUT
07-05-24 15:24:26  info: SHETTEPPA
07-05-24 15:24:26  info: 11-11-2021
07-05-24 15:24:26  info: 9591616761
07-05-24 15:24:26  info: 
07-05-24 15:24:26  info: 
07-05-24 15:24:26  info: BASAVAN BAGEWADI
07-05-24 15:24:26  info: 
07-05-24 15:24:26  info: MBCFBB/01/202100015
07-05-24 15:24:26  info: MAHANTESH MALAGAR
07-05-24 15:24:26  info: VITTHAL
07-05-24 15:24:26  info: 11-11-2021
07-05-24 15:24:26  info: 9611430242
07-05-24 15:24:26  info: 514674806196
07-05-24 15:24:26  info: 
07-05-24 15:24:26  info: BASAVAN BAGEWADI
07-05-24 15:24:26  info: 
07-05-24 15:24:26  info: MBCFBB/01/202100016
07-05-24 15:24:26  info: SIDDALINGAPPA HARIWAL
07-05-24 15:24:26  info: SHANKRAPPA
07-05-24 15:24:26  info: 11-11-2021
07-05-24 15:24:26  info: 8317325693
07-05-24 15:24:26  info: 260543822678
07-05-24 15:24:26  info: 
07-05-24 15:24:26  info: BASAVAN BAGEWADI
07-05-24 15:24:26  info: 
07-05-24 15:24:26  info: MBCFBB/01/202100017
07-05-24 15:24:26  info: SANTOSH BIRADAR
07-05-24 15:24:26  info: SHASHIKANT
07-05-24 15:24:26  info: 11-11-2021
07-05-24 15:24:26  info: 8971716015
07-05-24 15:24:26  info: 
07-05-24 15:24:26  info: 
07-05-24 15:24:26  info: BASAVAN BAGEWADI
07-05-24 15:24:26  info: 
07-05-24 15:24:26  info: MBCFBB/01/202100018
07-05-24 15:24:26  info: SHIVAPPA SAJJAN
07-05-24 15:24:26  info: MADIWALAPPA
07-05-24 15:24:26  info: 11-11-2021
07-05-24 15:24:26  info: 9900918159
07-05-24 15:24:26  info: 
07-05-24 15:24:26  info: 
07-05-24 15:24:26  info: BASAVAN BAGEWDI
07-05-24 15:24:26  info: 
07-05-24 15:24:26  info: MAHATMA BASAVESHWAR CHIT FUND PVT LTD
07-05-24 15:24:26  info: MBCFBB/01/20210001
07-05-24 16:11:14  error: Login is working fine
07-05-24 16:12:05  info: FOREMAN
07-05-24 16:12:05  info: 16-11-2021
07-05-24 16:12:06  info: 9008388566
07-05-24 16:12:06  info: 
07-05-24 16:12:06  info: 
07-05-24 16:12:06  info: BASAVANABAGEWADI
07-05-24 16:12:06  info: 
07-05-24 16:12:06  info: MBCFBB/01/202100010
07-05-24 16:12:06  info: VIJAYAKUMAR AWATI
07-05-24 16:12:06  info: SIDDAPPA
07-05-24 16:12:06  info: 11-11-2021
07-05-24 16:12:06  info: 9916662878
07-05-24 16:12:06  info: 565747573060
07-05-24 16:12:06  info: 
07-05-24 16:12:06  info: BASAVAN BAGEWADI
07-05-24 16:12:06  info: 
07-05-24 16:12:06  info: MBCFBB/01/202100011
07-05-24 16:12:06  info: PRASHANT BASHETTI
07-05-24 16:12:06  info: SIDDALINGAPPA
07-05-24 16:12:06  info: 10-11-2021
07-05-24 16:12:06  info: 7686064444
07-05-24 16:12:06  info: 
07-05-24 16:12:06  info: 
07-05-24 16:12:06  info: BASAVANABAGEAWDI
07-05-24 16:12:06  info: 
07-05-24 16:12:06  info: MBCFBB/01/202100012
07-05-24 16:12:06  info: CHANNAPPA NAIKODI
07-05-24 16:12:06  info: MAHANTESH
07-05-24 16:12:06  info: 10-11-2021
07-05-24 16:12:06  info: 9164545356
07-05-24 16:12:06  info: 
07-05-24 16:12:06  info: 
07-05-24 16:12:06  info: BASAVAN BAGEWADI
07-05-24 16:12:06  info: 
07-05-24 16:12:06  info: MBCFBB/01/202100013
07-05-24 16:12:06  info: MAHANTESH BELLUBBI
07-05-24 16:12:06  info: GURUPADAPPA
07-05-24 16:12:06  info: 11-11-2021
07-05-24 16:12:06  info: 7259108569
07-05-24 16:12:06  info: 
07-05-24 16:12:06  info: 
07-05-24 16:12:06  info: BASAVAN BAGEWADI
07-05-24 16:12:06  info: 
07-05-24 16:12:06  info: MBCFBB/01/202100014
07-05-24 16:12:06  info: YOGESH RAJAPUT
07-05-24 16:12:06  info: SHETTEPPA
07-05-24 16:12:06  info: 11-11-2021
07-05-24 16:12:06  info: 9591616761
07-05-24 16:12:06  info: 
07-05-24 16:12:06  info: 
07-05-24 16:12:06  info: BASAVAN BAGEWADI
07-05-24 16:12:06  info: 
07-05-24 16:12:06  info: MBCFBB/01/202100015
07-05-24 16:12:06  info: MAHANTESH MALAGAR
07-05-24 16:12:06  info: VITTHAL
07-05-24 16:12:06  info: 11-11-2021
07-05-24 16:12:06  info: 9611430242
07-05-24 16:12:06  info: 514674806196
07-05-24 16:12:06  info: 
07-05-24 16:12:06  info: BASAVAN BAGEWADI
07-05-24 16:12:06  info: 
07-05-24 16:12:06  info: MBCFBB/01/202100016
07-05-24 16:12:06  info: SIDDALINGAPPA HARIWAL
07-05-24 16:12:06  info: SHANKRAPPA
07-05-24 16:12:06  info: 11-11-2021
07-05-24 16:12:06  info: 8317325693
07-05-24 16:12:06  info: 260543822678
07-05-24 16:12:06  info: 
07-05-24 16:12:06  info: BASAVAN BAGEWADI
07-05-24 16:12:06  info: 
07-05-24 16:12:06  info: MBCFBB/01/202100017
07-05-24 16:12:06  info: SANTOSH BIRADAR
07-05-24 16:12:06  info: SHASHIKANT
07-05-24 16:12:06  info: 11-11-2021
07-05-24 16:12:06  info: 8971716015
07-05-24 16:12:06  info: 
07-05-24 16:12:06  info: 
07-05-24 16:12:06  info: BASAVAN BAGEWADI
07-05-24 16:12:06  info: 
07-05-24 16:12:06  info: MBCFBB/01/202100018
07-05-24 16:12:06  info: SHIVAPPA SAJJAN
07-05-24 16:12:06  info: MADIWALAPPA
07-05-24 16:12:06  info: 11-11-2021
07-05-24 16:12:06  info: 9900918159
07-05-24 16:12:06  info: 
07-05-24 16:12:06  info: 
07-05-24 16:12:06  info: BASAVAN BAGEWDI
07-05-24 16:12:06  info: 
07-05-24 16:12:06  info: MAHATMA BASAVESHWAR CHIT FUND PVT LTD
07-05-24 16:12:06  info: MBCFBB/01/20210001
07-05-24 17:29:36  error: Login is working fine
07-05-24 17:30:32  info: FOREMAN
07-05-24 17:30:34  info: 16-11-2021
07-05-24 17:30:34  info: 9008388566
07-05-24 17:30:34  info: 
07-05-24 17:30:34  info: 
07-05-24 17:30:34  info: BASAVANABAGEWADI
07-05-24 17:30:34  info: 
07-05-24 17:30:34  info: MBCFBB/01/202100010
07-05-24 17:30:34  info: VIJAYAKUMAR AWATI
07-05-24 17:30:34  info: SIDDAPPA
07-05-24 17:30:34  info: 11-11-2021
07-05-24 17:30:34  info: 9916662878
07-05-24 17:30:34  info: 565747573060
07-05-24 17:30:34  info: 
07-05-24 17:30:34  info: BASAVAN BAGEWADI
07-05-24 17:30:34  info: 
07-05-24 17:30:34  info: MBCFBB/01/202100011
07-05-24 17:30:34  info: PRASHANT BASHETTI
07-05-24 17:30:34  info: SIDDALINGAPPA
07-05-24 17:30:34  info: 10-11-2021
07-05-24 17:30:34  info: 7686064444
07-05-24 17:30:34  info: 
07-05-24 17:30:34  info: 
07-05-24 17:30:34  info: BASAVANABAGEAWDI
07-05-24 17:30:34  info: 
07-05-24 17:30:34  info: MBCFBB/01/202100012
07-05-24 17:30:34  info: CHANNAPPA NAIKODI
07-05-24 17:30:34  info: MAHANTESH
07-05-24 17:30:34  info: 10-11-2021
07-05-24 17:30:34  info: 9164545356
07-05-24 17:30:34  info: 
07-05-24 17:30:34  info: 
07-05-24 17:30:34  info: BASAVAN BAGEWADI
07-05-24 17:30:34  info: 
07-05-24 17:30:34  info: MBCFBB/01/202100013
07-05-24 17:30:34  info: MAHANTESH BELLUBBI
07-05-24 17:30:34  info: GURUPADAPPA
07-05-24 17:30:34  info: 11-11-2021
07-05-24 17:30:34  info: 7259108569
07-05-24 17:30:34  info: 
07-05-24 17:30:34  info: 
07-05-24 17:30:34  info: BASAVAN BAGEWADI
07-05-24 17:30:34  info: 
07-05-24 17:30:34  info: MBCFBB/01/202100014
07-05-24 17:30:34  info: YOGESH RAJAPUT
07-05-24 17:30:34  info: SHETTEPPA
07-05-24 17:30:34  info: 11-11-2021
07-05-24 17:30:34  info: 9591616761
07-05-24 17:30:34  info: 
07-05-24 17:30:34  info: 
07-05-24 17:30:34  info: BASAVAN BAGEWADI
07-05-24 17:30:34  info: 
07-05-24 17:30:34  info: MBCFBB/01/202100015
07-05-24 17:30:34  info: MAHANTESH MALAGAR
07-05-24 17:30:34  info: VITTHAL
07-05-24 17:30:34  info: 11-11-2021
07-05-24 17:30:34  info: 9611430242
07-05-24 17:30:34  info: 514674806196
07-05-24 17:30:34  info: 
07-05-24 17:30:34  info: BASAVAN BAGEWADI
07-05-24 17:30:34  info: 
07-05-24 17:30:34  info: MBCFBB/01/202100016
07-05-24 17:30:34  info: SIDDALINGAPPA HARIWAL
07-05-24 17:30:34  info: SHANKRAPPA
07-05-24 17:30:34  info: 11-11-2021
07-05-24 17:30:34  info: 8317325693
07-05-24 17:30:34  info: 260543822678
07-05-24 17:30:34  info: 
07-05-24 17:30:34  info: BASAVAN BAGEWADI
07-05-24 17:30:34  info: 
07-05-24 17:30:34  info: MBCFBB/01/202100017
07-05-24 17:30:34  info: SANTOSH BIRADAR
07-05-24 17:30:34  info: SHASHIKANT
07-05-24 17:30:34  info: 11-11-2021
07-05-24 17:30:34  info: 8971716015
07-05-24 17:30:34  info: 
07-05-24 17:30:34  info: 
07-05-24 17:30:34  info: BASAVAN BAGEWADI
07-05-24 17:30:34  info: 
07-05-24 17:30:34  info: MBCFBB/01/202100018
07-05-24 17:30:34  info: SHIVAPPA SAJJAN
07-05-24 17:30:34  info: MADIWALAPPA
07-05-24 17:30:34  info: 11-11-2021
07-05-24 17:30:34  info: 9900918159
07-05-24 17:30:34  info: 
07-05-24 17:30:34  info: 
07-05-24 17:30:34  info: BASAVAN BAGEWDI
07-05-24 17:30:34  info: 
07-05-24 17:30:34  info: MAHATMA BASAVESHWAR CHIT FUND PVT LTD
07-05-24 17:30:34  info: MBCFBB/01/20210001
03-07-24 20:36:04  error: Login is working fine
03-07-24 20:37:20  info: FOREMAN
03-07-24 20:37:21  info: 16-11-2021
03-07-24 20:37:21  info: 9008388566
03-07-24 20:37:21  info: 
03-07-24 20:37:21  info: 
03-07-24 20:37:21  info: BASAVANABAGEWADI
03-07-24 20:37:21  info: 
03-07-24 20:37:21  info: MBCFBB/01/202100010
03-07-24 20:37:21  info: VIJAYAKUMAR AWATI
03-07-24 20:37:21  info: SIDDAPPA
03-07-24 20:37:21  info: 11-11-2021
03-07-24 20:37:21  info: 9916662878
03-07-24 20:37:21  info: 565747573060
03-07-24 20:37:21  info: 
03-07-24 20:37:21  info: BASAVAN BAGEWADI
03-07-24 20:37:21  info: 
03-07-24 20:37:21  info: MBCFBB/01/202100011
03-07-24 20:37:21  info: PRASHANT BASHETTI
03-07-24 20:37:21  info: SIDDALINGAPPA
03-07-24 20:37:21  info: 10-11-2021
03-07-24 20:37:21  info: 7686064444
03-07-24 20:37:21  info: 
03-07-24 20:37:21  info: 
03-07-24 20:37:21  info: BASAVANABAGEAWDI
03-07-24 20:37:21  info: 
03-07-24 20:37:21  info: MBCFBB/01/202100012
03-07-24 20:37:21  info: CHANNAPPA NAIKODI
03-07-24 20:37:21  info: MAHANTESH
03-07-24 20:37:21  info: 10-11-2021
03-07-24 20:37:21  info: 9164545356
03-07-24 20:37:21  info: 
03-07-24 20:37:21  info: 
03-07-24 20:37:21  info: BASAVAN BAGEWADI
03-07-24 20:37:21  info: 
03-07-24 20:37:21  info: MBCFBB/01/202100013
03-07-24 20:37:21  info: MAHANTESH BELLUBBI
03-07-24 20:37:21  info: GURUPADAPPA
03-07-24 20:37:21  info: 11-11-2021
03-07-24 20:37:21  info: 7259108569
03-07-24 20:37:21  info: 
03-07-24 20:37:21  info: 
03-07-24 20:37:21  info: BASAVAN BAGEWADI
03-07-24 20:37:21  info: 
03-07-24 20:37:21  info: MBCFBB/01/202100014
03-07-24 20:37:21  info: YOGESH RAJAPUT
03-07-24 20:37:21  info: SHETTEPPA
03-07-24 20:37:21  info: 11-11-2021
03-07-24 20:37:21  info: 9591616761
03-07-24 20:37:21  info: 
03-07-24 20:37:21  info: 
03-07-24 20:37:21  info: BASAVAN BAGEWADI
03-07-24 20:37:21  info: 
03-07-24 20:37:21  info: MBCFBB/01/202100015
03-07-24 20:37:21  info: MAHANTESH MALAGAR
03-07-24 20:37:21  info: VITTHAL
03-07-24 20:37:21  info: 11-11-2021
03-07-24 20:37:21  info: 9611430242
03-07-24 20:37:21  info: 514674806196
03-07-24 20:37:21  info: 
03-07-24 20:37:21  info: BASAVAN BAGEWADI
03-07-24 20:37:21  info: 
03-07-24 20:37:21  info: MBCFBB/01/202100016
03-07-24 20:37:21  info: SIDDALINGAPPA HARIWAL
03-07-24 20:37:21  info: SHANKRAPPA
03-07-24 20:37:21  info: 11-11-2021
03-07-24 20:37:21  info: 8317325693
03-07-24 20:37:21  info: 260543822678
03-07-24 20:37:21  info: 
03-07-24 20:37:21  info: BASAVAN BAGEWADI
03-07-24 20:37:21  info: 
03-07-24 20:37:21  info: MBCFBB/01/202100017
03-07-24 20:37:21  info: SANTOSH BIRADAR
03-07-24 20:37:21  info: SHASHIKANT
03-07-24 20:37:21  info: 11-11-2021
03-07-24 20:37:21  info: 8971716015
03-07-24 20:37:21  info: 
03-07-24 20:37:21  info: 
03-07-24 20:37:21  info: BASAVAN BAGEWADI
03-07-24 20:37:21  info: 
03-07-24 20:37:21  info: MBCFBB/01/202100018
03-07-24 20:37:21  info: SHIVAPPA SAJJAN
03-07-24 20:37:21  info: MADIWALAPPA
03-07-24 20:37:21  info: 11-11-2021
03-07-24 20:37:21  info: 9900918159
03-07-24 20:37:21  info: 
03-07-24 20:37:21  info: 
03-07-24 20:37:21  info: BASAVAN BAGEWDI
03-07-24 20:37:21  info: 
03-07-24 20:37:21  info: MAHATMA BASAVESHWAR CHIT FUND PVT LTD
03-07-24 20:37:21  info: MBCFBB/01/20210001
03-07-24 21:00:59  error: Login is working fine
03-07-24 21:05:48  error: Login is working fine
03-07-24 21:06:38  info: FOREMAN
03-07-24 21:06:39  info: 16-11-2021
03-07-24 21:06:39  info: 9008388566
03-07-24 21:06:39  info: 
03-07-24 21:06:39  info: 
03-07-24 21:06:39  info: BASAVANABAGEWADI
03-07-24 21:06:39  info: 
03-07-24 21:06:39  info: MBCFBB/01/202100010
03-07-24 21:06:39  info: VIJAYAKUMAR AWATI
03-07-24 21:06:39  info: SIDDAPPA
03-07-24 21:06:39  info: 11-11-2021
03-07-24 21:06:39  info: 9916662878
03-07-24 21:06:39  info: 565747573060
03-07-24 21:06:39  info: 
03-07-24 21:06:39  info: BASAVAN BAGEWADI
03-07-24 21:06:39  info: 
03-07-24 21:06:39  info: MBCFBB/01/202100011
03-07-24 21:06:39  info: PRASHANT BASHETTI
03-07-24 21:06:39  info: SIDDALINGAPPA
03-07-24 21:06:39  info: 10-11-2021
03-07-24 21:06:39  info: 7686064444
03-07-24 21:06:39  info: 
03-07-24 21:06:39  info: 
03-07-24 21:06:39  info: BASAVANABAGEAWDI
03-07-24 21:06:39  info: 
03-07-24 21:06:39  info: MBCFBB/01/202100012
03-07-24 21:06:39  info: CHANNAPPA NAIKODI
03-07-24 21:06:39  info: MAHANTESH
03-07-24 21:06:39  info: 10-11-2021
03-07-24 21:06:39  info: 9164545356
03-07-24 21:06:39  info: 
03-07-24 21:06:39  info: 
03-07-24 21:06:39  info: BASAVAN BAGEWADI
03-07-24 21:06:39  info: 
03-07-24 21:06:39  info: MBCFBB/01/202100013
03-07-24 21:06:39  info: MAHANTESH BELLUBBI
03-07-24 21:06:39  info: GURUPADAPPA
03-07-24 21:06:39  info: 11-11-2021
03-07-24 21:06:39  info: 7259108569
03-07-24 21:06:39  info: 
03-07-24 21:06:39  info: 
03-07-24 21:06:39  info: BASAVAN BAGEWADI
03-07-24 21:06:39  info: 
03-07-24 21:06:39  info: MBCFBB/01/202100014
03-07-24 21:06:39  info: YOGESH RAJAPUT
03-07-24 21:06:39  info: SHETTEPPA
03-07-24 21:06:39  info: 11-11-2021
03-07-24 21:06:39  info: 9591616761
03-07-24 21:06:39  info: 
03-07-24 21:06:39  info: 
03-07-24 21:06:39  info: BASAVAN BAGEWADI
03-07-24 21:06:39  info: 
03-07-24 21:06:39  info: MBCFBB/01/202100015
03-07-24 21:06:39  info: MAHANTESH MALAGAR
03-07-24 21:06:39  info: VITTHAL
03-07-24 21:06:39  info: 11-11-2021
03-07-24 21:06:39  info: 9611430242
03-07-24 21:06:39  info: 514674806196
03-07-24 21:06:39  info: 
03-07-24 21:06:39  info: BASAVAN BAGEWADI
03-07-24 21:06:39  info: 
03-07-24 21:06:39  info: MBCFBB/01/202100016
03-07-24 21:06:39  info: SIDDALINGAPPA HARIWAL
03-07-24 21:06:39  info: SHANKRAPPA
03-07-24 21:06:39  info: 11-11-2021
03-07-24 21:06:39  info: 8317325693
03-07-24 21:06:39  info: 260543822678
03-07-24 21:06:39  info: 
03-07-24 21:06:39  info: BASAVAN BAGEWADI
03-07-24 21:06:39  info: 
03-07-24 21:06:39  info: MBCFBB/01/202100017
03-07-24 21:06:39  info: SANTOSH BIRADAR
03-07-24 21:06:39  info: SHASHIKANT
03-07-24 21:06:39  info: 11-11-2021
03-07-24 21:06:39  info: 8971716015
03-07-24 21:06:39  info: 
03-07-24 21:06:39  info: 
03-07-24 21:06:39  info: BASAVAN BAGEWADI
03-07-24 21:06:39  info: 
03-07-24 21:06:39  info: MBCFBB/01/202100018
03-07-24 21:06:39  info: SHIVAPPA SAJJAN
03-07-24 21:06:39  info: MADIWALAPPA
03-07-24 21:06:39  info: 11-11-2021
03-07-24 21:06:39  info: 9900918159
03-07-24 21:06:39  info: 
03-07-24 21:06:39  info: 
03-07-24 21:06:39  info: BASAVAN BAGEWDI
03-07-24 21:06:39  info: 
03-07-24 21:06:39  info: MAHATMA BASAVESHWAR CHIT FUND PVT LTD
03-07-24 21:06:39  info: MBCFBB/01/20210001
03-07-24 21:17:08  error: Login is working fine
03-07-24 23:06:17  error: Login is working fine
03-07-24 23:07:06  info: FOREMAN
03-07-24 23:07:07  info: 16-11-2021
03-07-24 23:07:07  info: 9008388566
03-07-24 23:07:07  info: 
03-07-24 23:07:07  info: 
03-07-24 23:07:07  info: BASAVANABAGEWADI
03-07-24 23:07:07  info: 
03-07-24 23:07:07  info: MBCFBB/01/202100010
03-07-24 23:07:07  info: VIJAYAKUMAR AWATI
03-07-24 23:07:07  info: SIDDAPPA
03-07-24 23:07:07  info: 11-11-2021
03-07-24 23:07:07  info: 9916662878
03-07-24 23:07:07  info: 565747573060
03-07-24 23:07:07  info: 
03-07-24 23:07:07  info: BASAVAN BAGEWADI
03-07-24 23:07:07  info: 
03-07-24 23:07:07  info: MBCFBB/01/202100011
03-07-24 23:07:07  info: PRASHANT BASHETTI
03-07-24 23:07:07  info: SIDDALINGAPPA
03-07-24 23:07:07  info: 10-11-2021
03-07-24 23:07:07  info: 7686064444
03-07-24 23:07:07  info: 
03-07-24 23:07:07  info: 
03-07-24 23:07:07  info: BASAVANABAGEAWDI
03-07-24 23:07:07  info: 
03-07-24 23:07:07  info: MBCFBB/01/202100012
03-07-24 23:07:07  info: CHANNAPPA NAIKODI
03-07-24 23:07:07  info: MAHANTESH
03-07-24 23:07:07  info: 10-11-2021
03-07-24 23:07:07  info: 9164545356
03-07-24 23:07:07  info: 
03-07-24 23:07:07  info: 
03-07-24 23:07:07  info: BASAVAN BAGEWADI
03-07-24 23:07:07  info: 
03-07-24 23:07:07  info: MBCFBB/01/202100013
03-07-24 23:07:07  info: MAHANTESH BELLUBBI
03-07-24 23:07:07  info: GURUPADAPPA
03-07-24 23:07:07  info: 11-11-2021
03-07-24 23:07:07  info: 7259108569
03-07-24 23:07:07  info: 
03-07-24 23:07:07  info: 
03-07-24 23:07:07  info: BASAVAN BAGEWADI
03-07-24 23:07:07  info: 
03-07-24 23:07:07  info: MBCFBB/01/202100014
03-07-24 23:07:07  info: YOGESH RAJAPUT
03-07-24 23:07:07  info: SHETTEPPA
03-07-24 23:07:07  info: 11-11-2021
03-07-24 23:07:07  info: 9591616761
03-07-24 23:07:07  info: 
03-07-24 23:07:07  info: 
03-07-24 23:07:07  info: BASAVAN BAGEWADI
03-07-24 23:07:07  info: 
03-07-24 23:07:07  info: MBCFBB/01/202100015
03-07-24 23:07:07  info: MAHANTESH MALAGAR
03-07-24 23:07:07  info: VITTHAL
03-07-24 23:07:07  info: 11-11-2021
03-07-24 23:07:07  info: 9611430242
03-07-24 23:07:07  info: 514674806196
03-07-24 23:07:07  info: 
03-07-24 23:07:07  info: BASAVAN BAGEWADI
03-07-24 23:07:07  info: 
03-07-24 23:07:07  info: MBCFBB/01/202100016
03-07-24 23:07:07  info: SIDDALINGAPPA HARIWAL
03-07-24 23:07:07  info: SHANKRAPPA
03-07-24 23:07:07  info: 11-11-2021
03-07-24 23:07:07  info: 8317325693
03-07-24 23:07:07  info: 260543822678
03-07-24 23:07:07  info: 
03-07-24 23:07:07  info: BASAVAN BAGEWADI
03-07-24 23:07:07  info: 
03-07-24 23:07:07  info: MBCFBB/01/202100017
03-07-24 23:07:07  info: SANTOSH BIRADAR
03-07-24 23:07:07  info: SHASHIKANT
03-07-24 23:07:07  info: 11-11-2021
03-07-24 23:07:07  info: 8971716015
03-07-24 23:07:07  info: 
03-07-24 23:07:07  info: 
03-07-24 23:07:07  info: BASAVAN BAGEWADI
03-07-24 23:07:07  info: 
03-07-24 23:07:07  info: MBCFBB/01/202100018
03-07-24 23:07:07  info: SHIVAPPA SAJJAN
03-07-24 23:07:07  info: MADIWALAPPA
03-07-24 23:07:07  info: 11-11-2021
03-07-24 23:07:07  info: 9900918159
03-07-24 23:07:07  info: 
03-07-24 23:07:07  info: 
03-07-24 23:07:07  info: BASAVAN BAGEWDI
03-07-24 23:07:07  info: 
03-07-24 23:07:07  info: MAHATMA BASAVESHWAR CHIT FUND PVT LTD
03-07-24 23:07:07  info: MBCFBB/01/20210001
11-07-24 00:02:37  error: Login is working fine
11-07-24 00:08:59  info: Enterprise
11-07-24 00:08:59  info: Flow Foundation
11-07-24 00:08:59  info: Jump
11-07-24 00:08:59  error: Quick Connect
11-07-24 00:08:59  info: Small & Medium Business
11-07-24 00:08:59  info: Residential
11-07-24 00:08:59  info: Mobile Prepaid
11-07-24 00:08:59  info: Support
11-07-24 00:08:59  info: Mobile Postpaid
11-07-24 00:08:59  info: Internet & Bundles
11-07-24 00:08:59  error: Pay with Fastpay
11-07-24 00:08:59  error: Mobile Top Up
11-07-24 00:09:09  error: Error
11-07-24 00:09:09  info: Prepaid
11-07-24 00:09:09  info: Deals
11-07-24 00:09:09  info: Postpaid
11-07-24 00:09:09  info: Internet & Bundles
11-07-24 00:13:02  error: Homepage.json: SyntaxError: Unexpected string in JSON at position 244
11-07-24 00:27:53  error: Login is working fine
11-07-24 00:30:50  error: Login is working fine
11-07-24 00:31:01  info: Error: Can't call setValue on element with selector "//input[@id='user_name']" because element wasn't found
11-07-24 00:31:52  info: FOREMAN
11-07-24 00:31:53  info: 16-11-2021
11-07-24 00:31:53  info: 9008388566
11-07-24 00:31:53  info: 
11-07-24 00:31:53  info: 
11-07-24 00:31:53  info: BASAVANABAGEWADI
11-07-24 00:31:53  info: 
11-07-24 00:31:53  info: MBCFBB/01/202100010
11-07-24 00:31:53  info: VIJAYAKUMAR AWATI
11-07-24 00:31:53  info: SIDDAPPA
11-07-24 00:31:53  info: 11-11-2021
11-07-24 00:31:53  info: 9916662878
11-07-24 00:31:53  info: 565747573060
11-07-24 00:31:53  info: 
11-07-24 00:31:53  info: BASAVAN BAGEWADI
11-07-24 00:31:53  info: 
11-07-24 00:31:53  info: MBCFBB/01/202100011
11-07-24 00:31:53  info: PRASHANT BASHETTI
11-07-24 00:31:53  info: SIDDALINGAPPA
11-07-24 00:31:53  info: 10-11-2021
11-07-24 00:31:53  info: 7686064444
11-07-24 00:31:53  info: 
11-07-24 00:31:53  info: 
11-07-24 00:31:53  info: BASAVANABAGEAWDI
11-07-24 00:31:53  info: 
11-07-24 00:31:53  info: MBCFBB/01/202100012
11-07-24 00:31:53  info: CHANNAPPA NAIKODI
11-07-24 00:31:53  info: MAHANTESH
11-07-24 00:31:53  info: 10-11-2021
11-07-24 00:31:53  info: 9164545356
11-07-24 00:31:53  info: 
11-07-24 00:31:53  info: 
11-07-24 00:31:53  info: BASAVAN BAGEWADI
11-07-24 00:31:53  info: 
11-07-24 00:31:53  info: MBCFBB/01/202100013
11-07-24 00:31:53  info: MAHANTESH BELLUBBI
11-07-24 00:31:53  info: GURUPADAPPA
11-07-24 00:31:53  info: 11-11-2021
11-07-24 00:31:53  info: 7259108569
11-07-24 00:31:53  info: 
11-07-24 00:31:53  info: 
11-07-24 00:31:53  info: BASAVAN BAGEWADI
11-07-24 00:31:53  info: 
11-07-24 00:31:53  info: MBCFBB/01/202100014
11-07-24 00:31:53  info: YOGESH RAJAPUT
11-07-24 00:31:53  info: SHETTEPPA
11-07-24 00:31:53  info: 11-11-2021
11-07-24 00:31:53  info: 9591616761
11-07-24 00:31:53  info: 
11-07-24 00:31:53  info: 
11-07-24 00:31:53  info: BASAVAN BAGEWADI
11-07-24 00:31:53  info: 
11-07-24 00:31:53  info: MBCFBB/01/202100015
11-07-24 00:31:53  info: MAHANTESH MALAGAR
11-07-24 00:31:53  info: VITTHAL
11-07-24 00:31:53  info: 11-11-2021
11-07-24 00:31:53  info: 9611430242
11-07-24 00:31:53  info: 514674806196
11-07-24 00:31:53  info: 
11-07-24 00:31:53  info: BASAVAN BAGEWADI
11-07-24 00:31:53  info: 
11-07-24 00:31:53  info: MBCFBB/01/202100016
11-07-24 00:31:53  info: SIDDALINGAPPA HARIWAL
11-07-24 00:31:53  info: SHANKRAPPA
11-07-24 00:31:53  info: 11-11-2021
11-07-24 00:31:53  info: 8317325693
11-07-24 00:31:53  info: 260543822678
11-07-24 00:31:53  info: 
11-07-24 00:31:53  info: BASAVAN BAGEWADI
11-07-24 00:31:53  info: 
11-07-24 00:31:53  info: MBCFBB/01/202100017
11-07-24 00:31:53  info: SANTOSH BIRADAR
11-07-24 00:31:53  info: SHASHIKANT
11-07-24 00:31:53  info: 11-11-2021
11-07-24 00:31:53  info: 8971716015
11-07-24 00:31:53  info: 
11-07-24 00:31:53  info: 
11-07-24 00:31:53  info: BASAVAN BAGEWADI
11-07-24 00:31:53  info: 
11-07-24 00:31:53  info: MBCFBB/01/202100018
11-07-24 00:31:53  info: SHIVAPPA SAJJAN
11-07-24 00:31:53  info: MADIWALAPPA
11-07-24 00:31:53  info: 11-11-2021
11-07-24 00:31:53  info: 9900918159
11-07-24 00:31:53  info: 
11-07-24 00:31:53  info: 
11-07-24 00:31:53  info: BASAVAN BAGEWDI
11-07-24 00:31:53  info: 
11-07-24 00:31:53  info: MAHATMA BASAVESHWAR CHIT FUND PVT LTD
11-07-24 00:31:53  info: MBCFBB/01/20210001
12-07-24 10:37:41  info: TypeError: browser.getUrlAndTittle is not a function
12-07-24 10:38:00  error: Error occurred in copy and paste : ReferenceError: Key is not defined
12-07-24 10:38:00  info: AssertionError [ERR_ASSERTION]: Error occurred in copy and paste : ReferenceError: Key is not defined
12-07-24 10:38:00  info: TypeError: Base.compareText is not a function
12-07-24 10:38:11  error: Error occurred in drag and drop: invalid argument: invalid argument
from invalid argument: 'duration' must be a non-negative int
  (Session info: MicrosoftEdge=126.0.2592.87)
12-07-24 10:38:11  info: AssertionError [ERR_ASSERTION]: Error occurred in drag and drop: invalid argument: invalid argument
from invalid argument: 'duration' must be a non-negative int
  (Session info: MicrosoftEdge=126.0.2592.87)
12-07-24 10:39:22  info: TypeError: browser.getUrlAndTittle is not a function
12-07-24 10:39:40  error: Error occurred in copy and paste : ReferenceError: Key is not defined
12-07-24 10:39:40  info: AssertionError [ERR_ASSERTION]: Error occurred in copy and paste : ReferenceError: Key is not defined
12-07-24 10:39:51  error: Error occurred in drag and drop: invalid argument: invalid argument
from invalid argument: 'duration' must be a non-negative int
  (Session info: MicrosoftEdge=126.0.2592.87)
12-07-24 10:39:51  info: AssertionError [ERR_ASSERTION]: Error occurred in drag and drop: invalid argument: invalid argument
from invalid argument: 'duration' must be a non-negative int
  (Session info: MicrosoftEdge=126.0.2592.87)
12-07-24 11:04:35  error: Error occurred in drag and drop: invalid argument: invalid argument
from invalid argument: 'duration' must be a non-negative int
  (Session info: MicrosoftEdge=126.0.2592.87)
12-07-24 11:04:36  info: AssertionError [ERR_ASSERTION]: Error occurred in drag and drop: invalid argument: invalid argument
from invalid argument: 'duration' must be a non-negative int
  (Session info: MicrosoftEdge=126.0.2592.87)
12-07-24 11:09:30  error: Error occurred in drag and drop: invalid argument: invalid argument
from invalid argument: 'duration' must be a non-negative int
  (Session info: MicrosoftEdge=126.0.2592.87)
12-07-24 11:09:30  info: AssertionError [ERR_ASSERTION]: Error occurred in drag and drop: invalid argument: invalid argument
from invalid argument: 'duration' must be a non-negative int
  (Session info: MicrosoftEdge=126.0.2592.87)
12-07-24 11:14:14  error: Error occurred in drag and drop: invalid argument: invalid argument
from invalid argument: 'duration' must be a non-negative int
  (Session info: MicrosoftEdge=126.0.2592.87)
12-07-24 11:14:14  info: AssertionError [ERR_ASSERTION]: Error occurred in drag and drop: invalid argument: invalid argument
from invalid argument: 'duration' must be a non-negative int
  (Session info: MicrosoftEdge=126.0.2592.87)
12-07-24 11:17:43  error: Error occurred in drag and drop: invalid argument: invalid argument
from invalid argument: 'duration' must be a non-negative int
  (Session info: MicrosoftEdge=126.0.2592.87)
12-07-24 11:17:43  info: AssertionError [ERR_ASSERTION]: Error occurred in drag and drop: invalid argument: invalid argument
from invalid argument: 'duration' must be a non-negative int
  (Session info: MicrosoftEdge=126.0.2592.87)
12-07-24 11:20:19  error: Login is working fine
12-07-24 11:21:10  info: FOREMAN
12-07-24 11:21:11  info: 16-11-2021
12-07-24 11:21:11  info: 9008388566
12-07-24 11:21:11  info: 
12-07-24 11:21:11  info: 
12-07-24 11:21:11  info: BASAVANABAGEWADI
12-07-24 11:21:11  info: 
12-07-24 11:21:11  info: MBCFBB/01/202100010
12-07-24 11:21:11  info: VIJAYAKUMAR AWATI
12-07-24 11:21:11  info: SIDDAPPA
12-07-24 11:21:11  info: 11-11-2021
12-07-24 11:21:11  info: 9916662878
12-07-24 11:21:11  info: 565747573060
12-07-24 11:21:11  info: 
12-07-24 11:21:11  info: BASAVAN BAGEWADI
12-07-24 11:21:11  info: 
12-07-24 11:21:11  info: MBCFBB/01/202100011
12-07-24 11:21:11  info: PRASHANT BASHETTI
12-07-24 11:21:11  info: SIDDALINGAPPA
12-07-24 11:21:11  info: 10-11-2021
12-07-24 11:21:11  info: 7686064444
12-07-24 11:21:11  info: 
12-07-24 11:21:11  info: 
12-07-24 11:21:11  info: BASAVANABAGEAWDI
12-07-24 11:21:11  info: 
12-07-24 11:21:11  info: MBCFBB/01/202100012
12-07-24 11:21:11  info: CHANNAPPA NAIKODI
12-07-24 11:21:11  info: MAHANTESH
12-07-24 11:21:11  info: 10-11-2021
12-07-24 11:21:11  info: 9164545356
12-07-24 11:21:11  info: 
12-07-24 11:21:11  info: 
12-07-24 11:21:11  info: BASAVAN BAGEWADI
12-07-24 11:21:11  info: 
12-07-24 11:21:11  info: MBCFBB/01/202100013
12-07-24 11:21:11  info: MAHANTESH BELLUBBI
12-07-24 11:21:11  info: GURUPADAPPA
12-07-24 11:21:11  info: 11-11-2021
12-07-24 11:21:11  info: 7259108569
12-07-24 11:21:11  info: 
12-07-24 11:21:11  info: 
12-07-24 11:21:11  info: BASAVAN BAGEWADI
12-07-24 11:21:11  info: 
12-07-24 11:21:11  info: MBCFBB/01/202100014
12-07-24 11:21:11  info: YOGESH RAJAPUT
12-07-24 11:21:11  info: SHETTEPPA
12-07-24 11:21:11  info: 11-11-2021
12-07-24 11:21:11  info: 9591616761
12-07-24 11:21:11  info: 
12-07-24 11:21:11  info: 
12-07-24 11:21:11  info: BASAVAN BAGEWADI
12-07-24 11:21:11  info: 
12-07-24 11:21:11  info: MBCFBB/01/202100015
12-07-24 11:21:11  info: MAHANTESH MALAGAR
12-07-24 11:21:11  info: VITTHAL
12-07-24 11:21:11  info: 11-11-2021
12-07-24 11:21:11  info: 9611430242
12-07-24 11:21:11  info: 514674806196
12-07-24 11:21:11  info: 
12-07-24 11:21:11  info: BASAVAN BAGEWADI
12-07-24 11:21:11  info: 
12-07-24 11:21:11  info: MBCFBB/01/202100016
12-07-24 11:21:11  info: SIDDALINGAPPA HARIWAL
12-07-24 11:21:11  info: SHANKRAPPA
12-07-24 11:21:11  info: 11-11-2021
12-07-24 11:21:11  info: 8317325693
12-07-24 11:21:11  info: 260543822678
12-07-24 11:21:11  info: 
12-07-24 11:21:11  info: BASAVAN BAGEWADI
12-07-24 11:21:11  info: 
12-07-24 11:21:11  info: MBCFBB/01/202100017
12-07-24 11:21:11  info: SANTOSH BIRADAR
12-07-24 11:21:11  info: SHASHIKANT
12-07-24 11:21:11  info: 11-11-2021
12-07-24 11:21:11  info: 8971716015
12-07-24 11:21:11  info: 
12-07-24 11:21:11  info: 
12-07-24 11:21:11  info: BASAVAN BAGEWADI
12-07-24 11:21:11  info: 
12-07-24 11:21:11  info: MBCFBB/01/202100018
12-07-24 11:21:11  info: SHIVAPPA SAJJAN
12-07-24 11:21:11  info: MADIWALAPPA
12-07-24 11:21:11  info: 11-11-2021
12-07-24 11:21:11  info: 9900918159
12-07-24 11:21:11  info: 
12-07-24 11:21:11  info: 
12-07-24 11:21:11  info: BASAVAN BAGEWDI
12-07-24 11:21:11  info: 
12-07-24 11:21:11  info: MAHATMA BASAVESHWAR CHIT FUND PVT LTD
12-07-24 11:21:11  info: MBCFBB/01/20210001
12-07-24 11:42:46  error: Error occurred in drag and drop: invalid argument: invalid argument
from invalid argument: 'duration' must be a non-negative int
  (Session info: MicrosoftEdge=126.0.2592.87)
12-07-24 11:42:46  info: AssertionError [ERR_ASSERTION]: Error occurred in drag and drop: invalid argument: invalid argument
from invalid argument: 'duration' must be a non-negative int
  (Session info: MicrosoftEdge=126.0.2592.87)
12-07-24 11:52:46  error: Login is working fine
12-07-24 11:53:44  info: FOREMAN
12-07-24 11:53:44  info: 16-11-2021
12-07-24 11:53:44  info: 9008388566
12-07-24 11:53:44  info: 
12-07-24 11:53:44  info: 
12-07-24 11:53:44  info: BASAVANABAGEWADI
12-07-24 11:53:44  info: 
12-07-24 11:53:44  info: MBCFBB/01/202100010
12-07-24 11:53:44  info: VIJAYAKUMAR AWATI
12-07-24 11:53:44  info: SIDDAPPA
12-07-24 11:53:44  info: 11-11-2021
12-07-24 11:53:44  info: 9916662878
12-07-24 11:53:44  info: 565747573060
12-07-24 11:53:44  info: 
12-07-24 11:53:44  info: BASAVAN BAGEWADI
12-07-24 11:53:44  info: 
12-07-24 11:53:44  info: MBCFBB/01/202100011
12-07-24 11:53:44  info: PRASHANT BASHETTI
12-07-24 11:53:44  info: SIDDALINGAPPA
12-07-24 11:53:44  info: 10-11-2021
12-07-24 11:53:44  info: 7686064444
12-07-24 11:53:44  info: 
12-07-24 11:53:44  info: 
12-07-24 11:53:44  info: BASAVANABAGEAWDI
12-07-24 11:53:44  info: 
12-07-24 11:53:44  info: MBCFBB/01/202100012
12-07-24 11:53:44  info: CHANNAPPA NAIKODI
12-07-24 11:53:44  info: MAHANTESH
12-07-24 11:53:44  info: 10-11-2021
12-07-24 11:53:44  info: 9164545356
12-07-24 11:53:44  info: 
12-07-24 11:53:44  info: 
12-07-24 11:53:44  info: BASAVAN BAGEWADI
12-07-24 11:53:44  info: 
12-07-24 11:53:44  info: MBCFBB/01/202100013
12-07-24 11:53:44  info: MAHANTESH BELLUBBI
12-07-24 11:53:44  info: GURUPADAPPA
12-07-24 11:53:44  info: 11-11-2021
12-07-24 11:53:44  info: 7259108569
12-07-24 11:53:44  info: 
12-07-24 11:53:44  info: 
12-07-24 11:53:44  info: BASAVAN BAGEWADI
12-07-24 11:53:44  info: 
12-07-24 11:53:44  info: MBCFBB/01/202100014
12-07-24 11:53:44  info: YOGESH RAJAPUT
12-07-24 11:53:44  info: SHETTEPPA
12-07-24 11:53:44  info: 11-11-2021
12-07-24 11:53:44  info: 9591616761
12-07-24 11:53:44  info: 
12-07-24 11:53:44  info: 
12-07-24 11:53:44  info: BASAVAN BAGEWADI
12-07-24 11:53:44  info: 
12-07-24 11:53:44  info: MBCFBB/01/202100015
12-07-24 11:53:44  info: MAHANTESH MALAGAR
12-07-24 11:53:44  info: VITTHAL
12-07-24 11:53:44  info: 11-11-2021
12-07-24 11:53:44  info: 9611430242
12-07-24 11:53:44  info: 514674806196
12-07-24 11:53:44  info: 
12-07-24 11:53:44  info: BASAVAN BAGEWADI
12-07-24 11:53:44  info: 
12-07-24 11:53:44  info: MBCFBB/01/202100016
12-07-24 11:53:44  info: SIDDALINGAPPA HARIWAL
12-07-24 11:53:44  info: SHANKRAPPA
12-07-24 11:53:44  info: 
12-07-24 11:53:44  info: MBCFBB/01/202100018
12-07-24 11:53:44  info: SHIVAPPA SAJJAN
12-07-24 11:53:44  info: MADIWALAPPA
12-07-24 11:53:44  info: 11-11-2021
12-07-24 11:53:44  info: 9900918159
12-07-24 11:53:44  info: 
12-07-24 11:53:44  info: 
12-07-24 11:53:44  info: BASAVAN BAGEWDI
12-07-24 11:53:44  info: 
12-07-24 11:53:44  info: MAHATMA BASAVESHWAR CHIT FUND PVT LTD
12-07-24 11:53:44  info: MBCFBB/01/20210001
12-07-24 11:53:44  info: 11-11-2021
12-07-24 11:53:45  info: 8317325693
12-07-24 11:53:45  info: 260543822678
12-07-24 11:53:45  info: 
12-07-24 11:53:45  info: BASAVAN BAGEWADI
12-07-24 11:53:45  info: 
12-07-24 11:53:45  info: BASAVAN BAGEWADI
12-07-24 11:53:45  info: 11-11-2021
12-07-24 11:53:45  info: 8971716015
12-07-24 11:53:45  info: 
12-07-24 11:53:45  info: 
12-07-24 11:53:45  info: MBCFBB/01/202100017
12-07-24 11:53:45  info: SHASHIKANT
12-07-24 11:53:45  info: SANTOSH BIRADAR
12-07-24 18:17:39  error: Login is working fine
12-07-24 18:18:30  info: FOREMAN
12-07-24 18:18:30  info: 16-11-2021
12-07-24 18:18:30  info: 9008388566
12-07-24 18:18:30  info: 
12-07-24 18:18:30  info: 
12-07-24 18:18:30  info: BASAVANABAGEWADI
12-07-24 18:18:30  info: 
12-07-24 18:18:30  info: MBCFBB/01/202100010
12-07-24 18:18:30  info: VIJAYAKUMAR AWATI
12-07-24 18:18:30  info: SIDDAPPA
12-07-24 18:18:30  info: 11-11-2021
12-07-24 18:18:30  info: 9916662878
12-07-24 18:18:30  info: 565747573060
12-07-24 18:18:30  info: 
12-07-24 18:18:30  info: BASAVAN BAGEWADI
12-07-24 18:18:30  info: 
12-07-24 18:18:30  info: MBCFBB/01/202100011
12-07-24 18:18:30  info: PRASHANT BASHETTI
12-07-24 18:18:30  info: SIDDALINGAPPA
12-07-24 18:18:30  info: 10-11-2021
12-07-24 18:18:30  info: 7686064444
12-07-24 18:18:30  info: 
12-07-24 18:18:30  info: 
12-07-24 18:18:30  info: BASAVANABAGEAWDI
12-07-24 18:18:30  info: 
12-07-24 18:18:30  info: MBCFBB/01/202100012
12-07-24 18:18:30  info: CHANNAPPA NAIKODI
12-07-24 18:18:30  info: MAHANTESH
12-07-24 18:18:30  info: 10-11-2021
12-07-24 18:18:30  info: 9164545356
12-07-24 18:18:30  info: 
12-07-24 18:18:30  info: 
12-07-24 18:18:30  info: BASAVAN BAGEWADI
12-07-24 18:18:30  info: 
12-07-24 18:18:30  info: MBCFBB/01/202100013
12-07-24 18:18:30  info: MAHANTESH BELLUBBI
12-07-24 18:18:30  info: GURUPADAPPA
12-07-24 18:18:30  info: 11-11-2021
12-07-24 18:18:30  info: 7259108569
12-07-24 18:18:30  info: 
12-07-24 18:18:30  info: 
12-07-24 18:18:30  info: BASAVAN BAGEWADI
12-07-24 18:18:30  info: 
12-07-24 18:18:30  info: MBCFBB/01/202100014
12-07-24 18:18:30  info: YOGESH RAJAPUT
12-07-24 18:18:30  info: SHETTEPPA
12-07-24 18:18:30  info: 11-11-2021
12-07-24 18:18:30  info: 9591616761
12-07-24 18:18:30  info: 
12-07-24 18:18:30  info: 
12-07-24 18:18:30  info: BASAVAN BAGEWADI
12-07-24 18:18:30  info: 
12-07-24 18:18:30  info: MBCFBB/01/202100015
12-07-24 18:18:30  info: MAHANTESH MALAGAR
12-07-24 18:18:30  info: VITTHAL
12-07-24 18:18:30  info: 11-11-2021
12-07-24 18:18:30  info: 9611430242
12-07-24 18:18:30  info: 514674806196
12-07-24 18:18:30  info: 
12-07-24 18:18:30  info: BASAVAN BAGEWADI
12-07-24 18:18:30  info: 
12-07-24 18:18:30  info: MBCFBB/01/202100016
12-07-24 18:18:30  info: SIDDALINGAPPA HARIWAL
12-07-24 18:18:30  info: SHANKRAPPA
12-07-24 18:18:30  info: 11-11-2021
12-07-24 18:18:30  info: 8317325693
12-07-24 18:18:30  info: 260543822678
12-07-24 18:18:30  info: 
12-07-24 18:18:30  info: BASAVAN BAGEWADI
12-07-24 18:18:30  info: 
12-07-24 18:18:30  info: MBCFBB/01/202100017
12-07-24 18:18:30  info: SANTOSH BIRADAR
12-07-24 18:18:30  info: SHASHIKANT
12-07-24 18:18:30  info: 11-11-2021
12-07-24 18:18:30  info: 8971716015
12-07-24 18:18:30  info: 
12-07-24 18:18:30  info: 
12-07-24 18:18:30  info: BASAVAN BAGEWADI
12-07-24 18:18:30  info: 
12-07-24 18:18:30  info: MBCFBB/01/202100018
12-07-24 18:18:30  info: SHIVAPPA SAJJAN
12-07-24 18:18:30  info: MADIWALAPPA
12-07-24 18:18:30  info: 11-11-2021
12-07-24 18:18:30  info: 9900918159
12-07-24 18:18:30  info: 
12-07-24 18:18:30  info: 
12-07-24 18:18:30  info: BASAVAN BAGEWDI
12-07-24 18:18:30  info: 
12-07-24 18:18:30  info: MAHATMA BASAVESHWAR CHIT FUND PVT LTD
12-07-24 18:18:30  info: MBCFBB/01/20210001
25-07-24 17:43:06  error: Error occurred in drag and drop: invalid argument: invalid argument
from invalid argument: 'duration' must be a non-negative int
  (Session info: MicrosoftEdge=126.0.2592.113)
25-07-24 17:43:06  info: AssertionError [ERR_ASSERTION]: Error occurred in drag and drop: invalid argument: invalid argument
from invalid argument: 'duration' must be a non-negative int
  (Session info: MicrosoftEdge=126.0.2592.113)
25-07-24 19:10:06  error: Error occurred in element, javascript error: javascript error: {"status":12,"value":"Element is not currently interactable and may not be manipulated"}
  (Session info: MicrosoftEdge=126.0.2592.113)
25-07-24 19:10:06  info: AssertionError [ERR_ASSERTION]: Error occurred in element, javascript error: javascript error: {"status":12,"value":"Element is not currently interactable and may not be manipulated"}
  (Session info: MicrosoftEdge=126.0.2592.113)
06-09-24 12:19:29  info: ReferenceError: remote is not defined
06-09-24 12:24:36  info: Error: ENOENT: no such file or directory, open 'C:\Users\RY214ZU\Downloads\Webdriverpractise\Webdriverpractise\UsersRY214ZUDownloadsWebdriverpractiseWebdriverpractise	estData'
06-09-24 12:28:00  info: Error: ENOENT: no such file or directory, open 'C:\Users\RY214ZU\Downloads\Webdriverpractise\Webdriverpractise\UsersRY214ZUOneDrive - EYDesktopAutomation ScriptCreatePurchaseOrder.xlsx'
06-09-24 15:51:09  info: TypeError: path.join is not a function
09-09-24 13:23:09  info: AssertionError [ERR_ASSERTION]: API call failed with error: Error: unable to get local issuer certificate
09-09-24 13:26:43  info: AssertionError [ERR_ASSERTION]: API call failed with error: Error: unable to get local issuer certificate
09-09-24 13:27:46  info: AssertionError [ERR_ASSERTION]: API call failed with error: Error: unable to get local issuer certificate
09-09-24 13:36:01  info: AssertionError [ERR_ASSERTION]: API call failed with error: Error: unable to get local issuer certificate
09-09-24 14:21:11  info: AssertionError [ERR_ASSERTION]: API call failed with error: Error: unable to get local issuer certificate
09-09-24 14:47:57  info: AssertionError [ERR_ASSERTION]: API call failed with error: Error: unable to get local issuer certificate
09-09-24 14:51:48  info: AssertionError [ERR_ASSERTION]: API call failed with error: AssertionError [ERR_ASSERTION]: Response status is not 200
09-09-24 14:55:52  info: AssertionError [ERR_ASSERTION]: API call failed with error: AssertionError [ERR_ASSERTION]: Response status is not 201
09-09-24 14:57:35  info: AssertionError [ERR_ASSERTION]: API call failed with error: AssertionError [ERR_ASSERTION]: Response status is not 201
09-09-24 15:00:24  info: AssertionError [ERR_ASSERTION]: API call failed with error: AssertionError [ERR_ASSERTION]: Response status is not 201
09-09-24 15:09:34  info: AssertionError [ERR_ASSERTION]: API call failed with error: AssertionError [ERR_ASSERTION]: Response status is not 201
09-09-24 15:29:21  info: AssertionError [ERR_ASSERTION]: API call failed with error: AssertionError [ERR_ASSERTION]: Response status is not 201
09-09-24 15:30:53  info: AssertionError [ERR_ASSERTION]: API call failed with error: AssertionError [ERR_ASSERTION]: Response status is not 201
09-09-24 15:35:11  info: AssertionError [ERR_ASSERTION]: API call failed with error: AssertionError [ERR_ASSERTION]: Response status is not 201
09-09-24 15:38:17  info: AssertionError [ERR_ASSERTION]: API call failed with error: AssertionError [ERR_ASSERTION]: Response status is not 201
10-09-24 12:50:10  info: ReferenceError: https is not defined
10-09-24 16:04:54  info: ReferenceError: https is not defined
10-09-24 17:00:26  info: AxiosError: Request failed with status code 403
10-09-24 17:16:28  info: AxiosError: Request failed with status code 403
11-09-24 10:56:05  info: AxiosError: Request failed with status code 403
11-09-24 11:00:06  info: Error: connect ETIMEDOUT 10.17.59.228:44301
11-09-24 11:02:09  info: AxiosError: Request failed with status code 403
11-09-24 11:09:53  info: ReferenceError: postResponse is not defined
11-09-24 12:22:03  info: ReferenceError: postResponse is not defined
11-09-24 12:39:05  info: AxiosError: Request failed with status code 403
11-09-24 12:43:37  info: ReferenceError: Cannot access 'csrfToken' before initialization
11-09-24 12:46:55  info: ReferenceError: Cannot access 'csrfToken' before initialization
11-09-24 12:50:18  info: ReferenceError: Cannot access 'csrfToken' before initialization
11-09-24 12:51:29  info: ReferenceError: Cannot access 'csrfToken' before initialization
11-09-24 12:57:12  info: ReferenceError: Cannot access 'csrfToken' before initialization
11-09-24 13:01:19  info: ReferenceError: headers is not defined
11-09-24 13:40:22  info: ReferenceError: Cannot access 'csrfToken' before initialization
11-09-24 13:48:01  info: ReferenceError: Cannot access 'csrfToken' before initialization
11-09-24 14:08:19  info: ReferenceError: headers is not defined
11-09-24 14:09:29  info: ReferenceError: Cannot access 'csrfToken' before initialization
11-09-24 14:12:49  info: ReferenceError: headers is not defined
11-09-24 15:32:37  info: Error: connect ETIMEDOUT 10.17.59.228:44301
11-09-24 15:49:14  info: TypeError: Cannot read properties of undefined (reading 'status')
11-09-24 15:55:15  info: ReferenceError: Cannot access 'csrfToken' before initialization
11-09-24 16:32:47  info: AxiosError: Request failed with status code 403
11-09-24 16:35:24  info: ReferenceError: url is not defined
11-09-24 16:38:27  info: AxiosError: Request failed with status code 403
11-09-24 16:40:51  info: ReferenceError: response is not defined
11-09-24 16:56:12  info: TypeError: Cannot read properties of undefined (reading 'PurchaseOrder')
11-09-24 16:58:54  info: TypeError: Cannot read properties of undefined (reading 'entry')
11-09-24 17:38:37  info: AxiosError: Request failed with status code 403
11-09-24 17:38:39  info: AxiosError: Request failed with status code 403
11-09-24 17:38:41  info: AxiosError: Request failed with status code 403
11-09-24 17:42:10  info: AxiosError: Request failed with status code 403
11-09-24 17:42:12  info: AxiosError: Request failed with status code 403
11-09-24 17:42:14  info: AxiosError: Request failed with status code 403
11-09-24 17:45:24  info: ReferenceError: orderResponse is not defined
11-09-24 17:45:28  info: ReferenceError: orderResponse is not defined
11-09-24 17:45:32  info: ReferenceError: orderResponse is not defined
12-09-24 11:33:55  info: AxiosError: Request failed with status code 403
12-09-24 11:33:57  info: AxiosError: Request failed with status code 403
12-09-24 11:33:59  info: AxiosError: Request failed with status code 403
12-09-24 11:38:51  info: ReferenceError: response is not defined
12-09-24 11:38:55  info: ReferenceError: response is not defined
12-09-24 11:38:58  info: ReferenceError: response is not defined
12-09-24 11:55:56  error: Error occurred in reading Excel Data: ReferenceError: reader is not defined
12-09-24 11:57:10  error: Error occurred in reading Excel Data: ReferenceError: reader is not defined
12-09-24 11:59:00  error: Error occurred in reading Excel Data: TypeError: Cannot read properties of undefined (reading 'Parameter')
12-09-24 12:01:22  info: ReferenceError: postWithCsrfToken is not defined
12-09-24 12:03:18  info: ReferenceError: postWithCsrfToken is not defined
12-09-24 12:11:36  info: AxiosError: Request failed with status code 403
12-09-24 12:11:38  info: AxiosError: Request failed with status code 403
12-09-24 12:11:40  info: AxiosError: Request failed with status code 403
12-09-24 12:14:37  info: AssertionError [ERR_ASSERTION]: Response status is not 201
12-09-24 12:14:40  info: AssertionError [ERR_ASSERTION]: Response status is not 201
12-09-24 12:14:44  info: AssertionError [ERR_ASSERTION]: Response status is not 201
12-09-24 12:45:45  info: AxiosError: Request failed with status code 403
12-09-24 12:45:48  info: AxiosError: Request failed with status code 403
12-09-24 12:45:51  info: AxiosError: Request failed with status code 403
12-09-24 15:49:43  error: Error occurred in reading Excel Data: TypeError: Cannot read properties of undefined (reading 'Parameter')
17-09-24 12:02:54  info: Error: unable to get local issuer certificate
17-09-24 12:11:59  info: Error: unable to get local issuer certificate
17-09-24 12:16:13  info: ReferenceError: agent is not defined
18-09-24 13:28:53  info: Error: connect ETIMEDOUT 10.17.59.228:44301
18-09-24 13:33:47  info: AxiosError: Request failed with status code 401
18-09-24 13:38:07  info: Error: unable to get local issuer certificate
18-09-24 13:39:09  info: Error: unable to get local issuer certificate
04-10-24 11:53:10  info: ReferenceError: getUrl is not defined
04-10-24 11:54:01  info: Error: unable to get local issuer certificate
07-10-24 11:43:05  info: Error: unable to get local issuer certificate
07-10-24 11:49:21  info: Error: unable to get local issuer certificate
07-10-24 11:49:40  info: Error: unable to get local issuer certificate
07-10-24 12:13:40  info: AxiosError: Request failed with status code 401
07-10-24 12:15:35  info: AxiosError: Request failed with status code 401
07-10-24 12:16:33  info: Error: unable to get local issuer certificate
07-10-24 12:19:39  info: Error: unable to get local issuer certificate
07-10-24 12:21:51  info: Error: unable to get local issuer certificate
09-10-24 10:59:30  info: Error: unable to get local issuer certificate
10-10-24 12:51:24  info: Error: unable to get local issuer certificate
10-10-24 12:52:46  info: Error: unable to get local issuer certificate
10-10-24 13:15:24  info: Error: unable to get local issuer certificate
10-10-24 13:29:03  info: Error: unable to get local issuer certificate
